INFO:root:3B10-1: 1
INFO:root:3B10-2: 2
INFO:root:3B1-1: 1
INFO:root:3B11-1: 1
INFO:root:3B11-2: 2
INFO:root:3B1-2: 2
INFO:root:3B12-1: 1
INFO:root:3B12-2: 2
INFO:root:3B13-1: 1
INFO:root:3B13-2: 2
INFO:root:3B14-1: 1
INFO:root:3B14-2: 2
INFO:root:3B15-1: 1
INFO:root:3B15-2: 2
INFO:root:3B16-1: 1
INFO:root:3B16-2: 2
INFO:root:3B17-1: 1
INFO:root:3B17-2: 2
INFO:root:3B18-1: 1
INFO:root:3B18-2: 2
INFO:root:3B19-1: 1
INFO:root:3B19-2: 2
INFO:root:3B20-1: 1
INFO:root:3B20-2: 2
INFO:root:3B2-1: 1
INFO:root:3B21-1: 1
INFO:root:3B21-2: 2
INFO:root:3B2-2: 2
INFO:root:3B22-1: 1
INFO:root:3B22-2: 2
INFO:root:3B23-1: 1
INFO:root:3B23-2: 2
INFO:root:3B24-1: 1
INFO:root:3B24-2: 2
INFO:root:3B3-1: 1
INFO:root:3B3-2: 2
INFO:root:3B4-1: 1
INFO:root:3B4-2: 2
INFO:root:3B5-1: 1
INFO:root:3B5-2: 2
INFO:root:3B6-1: 1
INFO:root:3B6-2: 2
INFO:root:3B7-1: 1
INFO:root:3B7-2: 2
INFO:root:3B8-1: 1
INFO:root:3B8-2: 2
INFO:root:3B9-1: 1
INFO:root:3B9-2: 2
INFO:root:H10-1: 3
INFO:root:H10-2: 4
INFO:root:H1-1: 3
INFO:root:H11-1: 3
INFO:root:H11-2: 4
INFO:root:H1-2: 4
INFO:root:H12-1: 3
INFO:root:H12-2: 4
INFO:root:H13-1: 3
INFO:root:H13-2: 4
INFO:root:H14-1: 3
INFO:root:H14-2: 4
INFO:root:H15-1: 3
INFO:root:H15-2: 4
INFO:root:H16-1: 3
INFO:root:H16-2: 4
INFO:root:H17-1: 3
INFO:root:H17-2: 4
INFO:root:H18-1: 3
INFO:root:H18-2: 4
INFO:root:H19-1: 3
INFO:root:H19-2: 4
INFO:root:H20-1: 3
INFO:root:H20-2: 4
INFO:root:H2-1: 3
INFO:root:H21-1: 4
INFO:root:H21-2: 3
INFO:root:H2-2: 4
INFO:root:H22-1: 3
INFO:root:H22-2: 4
INFO:root:H23-1: 3
INFO:root:H23-2: 4
INFO:root:H24-1: 3
INFO:root:H24-2: 4
INFO:root:H3-1: 3
INFO:root:H3-2: 4
INFO:root:H4-1: 3
INFO:root:H4-2: 4
INFO:root:H5-1: 3
INFO:root:H5-2: 4
INFO:root:H6-1: 3
INFO:root:H6-2: 4
INFO:root:H7-1: 3
INFO:root:H7-2: 4
INFO:root:H8-1: 3
INFO:root:H8-2: 4
INFO:root:H9-1: 3
INFO:root:H9-2: 4
INFO:root:QEXI09098: no_annotation
INFO:root:QEXI09100: no_annotation
INFO:root:QEXI09102: no_annotation
INFO:root:QEXI09104: no_annotation
INFO:root:QEXI09106: no_annotation
INFO:root:QEXI09108: no_annotation
INFO:root:QEXI09110: no_annotation
INFO:root:QEXI09112: no_annotation
INFO:root:QEXI09114: no_annotation
INFO:root:QEXI09116: no_annotation
INFO:root:QEXI09118: no_annotation
INFO:root:QEXI09120: no_annotation
INFO:root:QEXI09122: no_annotation
INFO:root:QEXI09124: no_annotation
INFO:root:QEXI09126: no_annotation
INFO:root:QEXI09128: no_annotation
INFO:root:QEXI09130: no_annotation
INFO:root:QEXI09132: no_annotation
INFO:root:QEXI09134: no_annotation
INFO:root:QEXI09136: no_annotation
INFO:root:QEXI09138: no_annotation
INFO:root:QEXI09140: no_annotation
INFO:root:QEXI09147: no_annotation
INFO:root:QEXI09149: no_annotation
INFO:root:QEXI09151: no_annotation
INFO:root:QEXI09153: no_annotation
INFO:root:QEXI09155: no_annotation
INFO:root:QEXI09157: no_annotation
INFO:root:QEXI09159: no_annotation
INFO:root:QEXI09161: no_annotation
INFO:root:QEXI09163: no_annotation
INFO:root:QEXI09165: no_annotation
INFO:root:QEXI09167: no_annotation
INFO:root:QEXI09169: no_annotation
INFO:root:QEXI09171: no_annotation
INFO:root:QEXI09173: no_annotation
INFO:root:QEXI09175: no_annotation
INFO:root:QEXI09177: no_annotation
INFO:root:QEXI09179: no_annotation
INFO:root:QEXI09181: no_annotation
INFO:root:QEXI09183: no_annotation
INFO:root:QEXI09185: no_annotation
INFO:root:FASP_1_01: 0
INFO:root:FASP_1_02: 0
INFO:root:FASP_2_01: 0
INFO:root:FASP_2_02: 0
INFO:root:FASP_A_01: 0
INFO:root:FASP_A_02: 0
INFO:root:FASP_B_01: 0
INFO:root:FASP_B_02: 0
INFO:root:A431_01uM_DON_1_1: 0
INFO:root:A431_01uM_DON_1_2: 0
INFO:root:A431_01uM_DON_2_1: 0
INFO:root:A431_01uM_DON_2_2: 0
INFO:root:A431_01uM_DON_3_1: 0
INFO:root:A431_01uM_DON_3_2: 0
INFO:root:A431_10uM_DON_1_1: 0
INFO:root:A431_10uM_DON_1_2: 0
INFO:root:A431_10uM_DON_2_1: 0
INFO:root:A431_10uM_DON_2_2: 0
INFO:root:A431_10uM_DON_3_1: 0
INFO:root:A431_10uM_DON_3_2: 0
INFO:root:A431_1uM_DON_1_1: 0
INFO:root:A431_1uM_DON_1_2: 0
INFO:root:A431_1uM_DON_2_1: 0
INFO:root:A431_1uM_DON_2_2: 0
INFO:root:A431_1uM_DON_3_1: 0
INFO:root:A431_1uM_DON_3_2: 0
INFO:root:A431_control_1_1: 0
INFO:root:A431_control_1_2: 0
INFO:root:A431_control_2_1: 0
INFO:root:A431_control_2_2: 0
INFO:root:A431_control_3_1: 0
INFO:root:A431_control_3_2: 0
INFO:root:161021_deSDS_Digested_cells_1SDS_01_A: 1
INFO:root:161021_deSDS_Digested_cells_1SDS_01_B: 2
INFO:root:161021_deSDS_Digested_cells_1SDS_02_A: 1
INFO:root:161021_deSDS_Digested_cells_1SDS_02_B: 2
INFO:root:161021_deSDS_Digested_cells_1SDS_03_A: 1
INFO:root:161021_deSDS_Digested_cells_1SDS_03_B: 2
INFO:root:161021_deSDS_Digested_cells_1SDS_04_A: 1
INFO:root:161021_deSDS_Digested_cells_1SDS_04_B: 2
INFO:root:161021_deSDS_Digested_cells_1SDS_05_A: 1
INFO:root:161021_deSDS_Digested_cells_1SDS_05_B: 2
INFO:root:161021_deSDS_Digested_cells_1SDS_06_A: 1
INFO:root:161021_deSDS_Digested_cells_1SDS_06_B: 2
INFO:root:161021_deSDS_Digested_cells_1SDS_07_A: 1
INFO:root:161021_deSDS_Digested_cells_1SDS_07_B: 2
INFO:root:161021_deSDS_Digested_cells_1SDS_08_A: 1
INFO:root:161021_deSDS_Digested_cells_1SDS_08_B: 2
INFO:root:161021_deSDS_Digested_cells_1SDS_09_A: 1
INFO:root:161021_deSDS_Digested_cells_1SDS_09_B: 2
INFO:root:161021_deSDS_Digested_cells_1SDS_10_A: 1
INFO:root:161021_deSDS_Digested_cells_1SDS_10_B: 2
INFO:root:161021_deSDS_Digested_cells_1SDS_11_A: 1
INFO:root:161021_deSDS_Digested_cells_1SDS_11_B: 2
INFO:root:161021_deSDS_Digested_cells_1SDS_12_A: 1
INFO:root:161021_deSDS_Digested_cells_1SDS_12_B: 2
INFO:root:161021_deSDS_Digested_cells_1SDS_13_A: 1
INFO:root:161021_deSDS_Digested_cells_1SDS_13_B: 2
INFO:root:161021_deSDS_Digested_cells_1SDS_14_A: 1
INFO:root:161021_deSDS_Digested_cells_1SDS_14_B: 2
INFO:root:161021_deSDS_Digested_cells_1SDS_15_A: 1
INFO:root:161021_deSDS_Digested_cells_1SDS_15_B: 2
INFO:root:161021_deSDS_Digested_cells_1SDS_16_A: 1
INFO:root:161021_deSDS_Digested_cells_1SDS_16_B: 2
INFO:root:161021_deSDS_Digested_cells_1SDS_17_A: 1
INFO:root:161021_deSDS_Digested_cells_1SDS_17_B: 2
INFO:root:161021_deSDS_Digested_cells_1SDS_18_A: 1
INFO:root:161021_deSDS_Digested_cells_1SDS_18_B: 2
INFO:root:161021_deSDS_Digested_cells_1SDS_19_A: 1
INFO:root:161021_deSDS_Digested_cells_1SDS_19_B: 2
INFO:root:161021_deSDS_Digested_cells_1SDS_20_A: 1
INFO:root:161021_deSDS_Digested_cells_1SDS_20_B: 2
INFO:root:161021_deSDS_Digested_cells_1SDS_21_A: 1
INFO:root:161021_deSDS_Digested_cells_1SDS_21_B: 2
INFO:root:161021_deSDS_Digested_cells_1SDS_22_A: 1
INFO:root:161021_deSDS_Digested_cells_1SDS_22_B: 2
INFO:root:161021_deSDS_Digested_cells_1SDS_23_A: 1
INFO:root:161021_deSDS_Digested_cells_1SDS_23_B: 2
INFO:root:170322_HEK_RP_01_A: 3
INFO:root:170322_HEK_RP_01_B: 4
INFO:root:170322_HEK_RP_02_A: 3
INFO:root:170322_HEK_RP_02_B: 4
INFO:root:170322_HEK_RP_03_A: 3
INFO:root:170322_HEK_RP_03_B: 4
INFO:root:170322_HEK_RP_04_A: 3
INFO:root:170322_HEK_RP_04_B: 4
INFO:root:170322_HEK_RP_05_A: 3
INFO:root:170322_HEK_RP_05_B: 4
INFO:root:170322_HEK_RP_06_A: 3
INFO:root:170322_HEK_RP_06_B: 4
INFO:root:170322_HEK_RP_07_A: 3
INFO:root:170322_HEK_RP_07_B: 4
INFO:root:170322_HEK_RP_08_A: 3
INFO:root:170322_HEK_RP_08_B: 4
INFO:root:170322_HEK_RP_09_A: 3
INFO:root:170322_HEK_RP_09_B: 4
INFO:root:170322_HEK_RP_10_A: 3
INFO:root:170322_HEK_RP_10_B: 4
INFO:root:170322_HEK_RP_11_A: 3
INFO:root:170322_HEK_RP_11_B: 4
INFO:root:170322_HEK_RP_12_A: 3
INFO:root:170322_HEK_RP_12_B: 4
INFO:root:170322_HEK_RP_13_A: 3
INFO:root:170322_HEK_RP_13_B: 4
INFO:root:170322_HEK_RP_14_A: 3
INFO:root:170322_HEK_RP_14_B: 4
INFO:root:170322_HEK_RP_15_A: 3
INFO:root:170322_HEK_RP_15_B: 4
INFO:root:170322_HEK_RP_16_A: 3
INFO:root:170322_HEK_RP_16_B: 4
INFO:root:170322_HEK_RP_17_A: 3
INFO:root:170322_HEK_RP_17_B: 4
INFO:root:170322_HEK_RP_18_A: 3
INFO:root:170322_HEK_RP_18_B: 4
INFO:root:170322_HEK_RP_19_A: 3
INFO:root:170322_HEK_RP_19_B: 4
INFO:root:170322_HEK_RP_20_A: 3
INFO:root:170322_HEK_RP_20_B: 4
INFO:root:170322_HEK_RP_21_A: 3
INFO:root:170322_HEK_RP_21_B: 4
INFO:root:170322_HEK_RP_22_A: 3
INFO:root:170322_HEK_RP_22_B: 4
INFO:root:170322_HEK_RP_23_A: 3
INFO:root:170322_HEK_RP_23_B: 4
INFO:root:MCF7_1a: 0
INFO:root:MCF7_1b: 0
INFO:root:MCF7_2a: 0
INFO:root:MCF7_2b: 0
INFO:root:MCF7_3a: 0
INFO:root:MCF7_3b: 0
INFO:root:MCF7_curcumin_1a: 0
INFO:root:MCF7_curcumin_1b: 0
INFO:root:MCF7_curcumin_2a: 0
INFO:root:MCF7_curcumin_2b: 0
INFO:root:MCF7_curcumin_3a: 0
INFO:root:MCF7_curcumin_3b: 0
INFO:root:ZR751_1a: 0
INFO:root:ZR751_1b: 0
INFO:root:ZR751_2a: 0
INFO:root:ZR751_2b: 0
INFO:root:ZR751_3a: 0
INFO:root:ZR751_3b: 0
INFO:root:ZR751_curcumin_1a: 0
INFO:root:ZR751_curcumin_1b: 0
INFO:root:ZR751_curcumin_2a: 0
INFO:root:ZR751_curcumin_2b: 0
INFO:root:ZR751_curcumin_3a: 0
INFO:root:ZR751_curcumin_3b: 0
INFO:root:JVM-13_cyt_1a: 0
INFO:root:JVM-13_cyt_1b: 0
INFO:root:JVM-13_cyt_2a: 0
INFO:root:JVM-13_cyt_2b: 0
INFO:root:JVM-13_cyt_3a: 0
INFO:root:JVM-13_cyt_3b: 0
INFO:root:HUVEC_cyt_con_3b: 0
INFO:root:HUVEC_cyt_con_6a: 0
INFO:root:HUVEC_cyt_con_5b_4: 4
INFO:root:HUVEC_cyt_con_2a: 0
INFO:root:HUVEC_cyt_con_1a_4: 1
INFO:root:HUVEC_cyt_con_3a: 0
INFO:root:HUVEC_cyt_con_1b_4: 2
INFO:root:HUVEC_cyt_con_5a_1: 3
INFO:root:HUVEC_cyt_con_4a: 0
INFO:root:HUVEC_cyt_con_5b_1: 4
INFO:root:HUVEC_cyt_con_1b_3: 2
INFO:root:HUVEC_cyt_con_1a_2: 1
INFO:root:HUVEC_cyt_con_1a_1: 1
INFO:root:HUVEC_cyt_con_1b_1: 2
INFO:root:HUVEC_cyt_con_7b: 0
INFO:root:HUVEC_cyt_con_5b_2: 4
INFO:root:HUVEC_cyt_con_1b_2: 2
INFO:root:HUVEC_cyt_con_5a_3: 3
INFO:root:HUVEC_cyt_con_1a_3: 1
INFO:root:HUVEC_cyt_con_5a_2: 3
INFO:root:HUVEC_cyt_con_7a: 0
INFO:root:HUVEC_cyt_con_5b_3: 4
INFO:root:HUVEC_cyt_con_2b: 0
INFO:root:HUVEC_cyt_con_5a_4: 3
INFO:root:HUVEC_cyt_con_6b: 0
INFO:root:HUVEC_cyt_con_4b: 0
INFO:root:HUVEC_cyt_stim_1b_1: 2
INFO:root:HUVEC_cyt_stim_1a_3: 1
INFO:root:HUVEC_cyt_stim_4a: 0
INFO:root:HUVEC_cyt_stim_6b: 0
INFO:root:HUVEC_cyt_stim_3b: 0
INFO:root:HUVEC_cyt_stim_5a_1: 3
INFO:root:HUVEC_cyt_stim_5b_1: 4
INFO:root:HUVEC_cyt_stim_5a_3: 3
INFO:root:HUVEC_cyt_stim_7a: 0
INFO:root:HUVEC_cyt_stim_1a_4: 1
INFO:root:HUVEC_cyt_stim_1b_2: 2
INFO:root:HUVEC_cyt_stim_5b_2: 4
INFO:root:HUVEC_cyt_stim_1b_4: 2
INFO:root:HUVEC_cyt_stim_5b_4: 4
INFO:root:HUVEC_cyt_stim_7b: 0
INFO:root:HUVEC_cyt_stim_2b: 0
INFO:root:HUVEC_cyt_stim_1b_3: 2
INFO:root:HUVEC_cyt_stim_1a_1: 1
INFO:root:HUVEC_cyt_stim_5a_2: 3
INFO:root:HUVEC_cyt_stim_5b_3: 4
INFO:root:HUVEC_cyt_stim_4b: 0
INFO:root:HUVEC_cyt_stim_5a_4: 3
INFO:root:HUVEC_cyt_stim_1a_2: 1
INFO:root:HUVEC_cyt_stim_2a: 0
INFO:root:HUVEC_cyt_stim_3a: 0
INFO:root:HUVEC_cyt_stim_6a: 0
INFO:root:ZR_con_1d_130618_cyt2: 1
INFO:root:ZR_con_1d_130618_cyt1: 1
INFO:root:ZR_con_1d_130618_cyt4: 1
INFO:root:ZR_con_1d_130618_cyt2b: 2
INFO:root:ZR_con_1d_130618_cyt3: 1
INFO:root:ZR_con_1d_130618_cyt1b: 2
INFO:root:ZR_con_1d_130618_cyt4b: 2
INFO:root:ZR_con_1d_130618_cyt3b: 2
INFO:root:130327_o2_01_hu_C1_2hr: 0
INFO:root:130327_o2_02_hu_P1_2hr: 0
INFO:root:130327_o2_03_hu_C2_2hr: 0
INFO:root:130327_o2_04_hu_P2_2hr: 0
INFO:root:130327_o2_05_hu_C3_2hr: 0
INFO:root:130327_o2_06_hu_P3_2hr: 0
INFO:root:20121023_EXQ4_JRW_SA_30L_1: 0
INFO:root:20121023_EXQ4_JRW_SA_30L_2: 0
INFO:root:20121023_EXQ4_JRW_SA_30T_1: 0
INFO:root:20140127_EXQ4_JRW_D52_1_L: 0
INFO:root:20140127_EXQ4_JRW_D52_1_T: 0
INFO:root:20140127_EXQ4_JRW_D52_2_L: 0
INFO:root:20140127_EXQ4_JRW_D52_2_T: 0
INFO:root:20140127_EXQ4_JRW_D61_1_L: 0
INFO:root:20140127_EXQ4_JRW_D61_1_T: 0
INFO:root:20140127_EXQ4_JRW_D61_2_L: 0
INFO:root:20121023_EXQ4_JRW_SA_31L_1: 0
INFO:root:20121023_EXQ4_JRW_SA_31L_2: 0
INFO:root:20121023_EXQ4_JRW_SA_31L_3: 0
INFO:root:20121023_EXQ4_JRW_SA_31T_1: 0
INFO:root:20121023_EXQ4_JRW_SA_31T_2: 0
INFO:root:20121023_EXQ4_JRW_SA_31T_3: 0
INFO:root:20121023_EXQ4_JRW_SA_32L_1: 0
INFO:root:20121023_EXQ4_JRW_SA_32L_2: 0
INFO:root:20121023_EXQ4_JRW_SA_32T_3: 0
INFO:root:20121023_EXQ4_JRW_SA_33L_2: 0
INFO:root:20121023_EXQ4_JRW_SA_33L_3: 0
INFO:root:20121023_EXQ4_JRW_SA_33T_2: 0
INFO:root:20121023_EXQ4_JRW_SA_34L_1: 0
INFO:root:20121023_EXQ4_JRW_SA_34L_2: 0
INFO:root:20121023_EXQ4_JRW_SA_34T_3: 0
INFO:root:160116_K052_OffLRP_RP_f02: 1
INFO:root:160116_K052_OffLRP_RP_f03: 1
INFO:root:160116_K052_OffLRP_RP_f04: 1
INFO:root:160116_K052_OffLRP_RP_f05: 1
INFO:root:160116_K052_OffLRP_RP_f06: 1
INFO:root:160116_K052_OffLRP_RP_f07: 1
INFO:root:160116_K052_OffLRP_RP_f08: 1
INFO:root:160116_K052_OffLRP_RP_f15: 1
INFO:root:160116_K052_OffLRP_RP_f18: 1
INFO:root:160116_K052_OffLRP_RP_f22: 1
INFO:root:20160205_PGM_K052_SCX_RP_03: 2
INFO:root:20160205_PGM_K052_SCX_RP_04: 2
INFO:root:20160205_PGM_K052_SCX_RP_05: 2
INFO:root:20160205_PGM_K052_SCX_RP_06: 2
INFO:root:20160205_PGM_K052_SCX_RP_07: 2
INFO:root:20160205_PGM_K052_SCX_RP_08: 2
INFO:root:20160205_PGM_K052_SCX_RP_09: 2
INFO:root:20160205_PGM_K052_SCX_RP_10: 2
INFO:root:20160205_PGM_K052_SCX_RP_11: 2
INFO:root:20160205_PGM_K052_SCX_RP_13: 2
INFO:root:20160205_PGM_K052_SCX_RP_14: 2
INFO:root:20160205_PGM_K052_SCX_RP_15: 2
INFO:root:20160205_PGM_K052_SCX_RP_16: 2
INFO:root:20160205_PGM_K052_SCX_RP_17: 2
INFO:root:20160205_PGM_K052_SCX_RP_18: 2
INFO:root:20160205_PGM_K052_SCX_RP_19: 2
INFO:root:20160205_PGM_K052_SCX_RP_20: 2
INFO:root:HL60_18hr_ctrl_4: 0
INFO:root:HL60_1hr_ctrl_1: 0
INFO:root:HL60_1hr_ctrl_3: 0
INFO:root:HL60_1hr_ctrl_4: 0
INFO:root:HL60_1hr_Zinc_1: 0
INFO:root:HL60_24hr_225uM_Zinc_4: 0
INFO:root:HL60_36hr_225uM_Zinc_1: 0
INFO:root:HL60_36hr_225uM_Zinc_2: 0
INFO:root:HL60_36hr_225uM_Zinc_3: 0
INFO:root:HL60_36hr_225uM_Zinc_4: 0
INFO:root:HL60_36hr_ctrl_1: 0
INFO:root:HL60_36hr_ctrl_2: 0
INFO:root:HL60_36hr_ctrl_3: 0
INFO:root:HL60_36hr_ctrl_4: 0
INFO:root:HL60_48hr_225uM_Zinc_1: 0
INFO:root:HL60_48hr_ctrl_1: 0
INFO:root:HL60_48hr_ctrl_2: 0
INFO:root:HL60_48hr_ctrl_4: 0
INFO:root:HL60_6hr_ctrl_1: 0
INFO:root:HL60_6hr_ctrl_2: 0
INFO:root:HL60_6hr_ctrl_3: 0
INFO:root:HL60_6hr_ctrl_4: 0
INFO:root:HL60_6hr_Zinc_1: 0
INFO:root:HL60_6hr_Zinc_2: 0
INFO:root:HL60_6hr_Zinc_3: 0
INFO:root:HL60_6hr_Zinc_4: 0
INFO:root:RAW_BeWo_P32_1: 0
INFO:root:RAW_BeWo_P32_2: 0
INFO:root:RAW_BeWo_P32_3: 0
INFO:root:RAW_BeWo_P34_1: 0
INFO:root:RAW_BeWo_P34_2: 0
INFO:root:RAW_BeWo_P34_3: 0
INFO:root:RAW_BeWo_P35_1: 0
INFO:root:RAW_BeWo_P35_2: 0
INFO:root:RAW_BeWo_P35_3: 0
INFO:root:RAW_HTR8_SVneo_P79_1: 0
INFO:root:RAW_HTR8_SVneo_P79_2: 0
INFO:root:RAW_HTR8_SVneo_P79_3: 0
INFO:root:RAW_HTR8_SVneo_P80_1: 0
INFO:root:RAW_HTR8_SVneo_P80_2: 0
INFO:root:RAW_HTR8_SVneo_P80_3: 0
INFO:root:RAW_HTR8_SVneo_P81_1: 0
INFO:root:RAW_HTR8_SVneo_P81_2: 0
INFO:root:RAW_HTR8_SVneo_P81_3: 0
INFO:root:CHPP_97H_RP1_1: 1
INFO:root:CHPP_97H_RP1_2: 2
INFO:root:CHPP_97H_RP10_1: 1
INFO:root:CHPP_97H_RP10_2: 2
INFO:root:CHPP_97H_RP11_1: 1
INFO:root:CHPP_97H_RP11_2: 2
INFO:root:CHPP_97H_RP12_1: 1
INFO:root:CHPP_97H_RP12_2: 2
INFO:root:CHPP_97H_RP13_1: 1
INFO:root:CHPP_97H_RP13_2: 2
INFO:root:CHPP_97H_RP14_1: 1
INFO:root:CHPP_97H_RP14_2: 2
INFO:root:CHPP_97H_RP15_1: 1
INFO:root:CHPP_97H_RP15_2: 2
INFO:root:CHPP_97H_RP16_1: 1
INFO:root:CHPP_97H_RP16_2: 2
INFO:root:CHPP_97H_RP17_1: 1
INFO:root:CHPP_97H_RP17_2: 2
INFO:root:CHPP_97H_RP18_1: 1
INFO:root:CHPP_97H_RP18_2: 2
INFO:root:CHPP_97H_RP19_1: 1
INFO:root:CHPP_97H_RP19_2: 2
INFO:root:CHPP_97H_RP2_1: 1
INFO:root:CHPP_97H_RP2_2: 2
INFO:root:CHPP_97H_RP20_1: 1
INFO:root:CHPP_97H_RP20_2: 2
INFO:root:CHPP_97H_RP21_1: 1
INFO:root:CHPP_97H_RP21_2: 2
INFO:root:CHPP_97H_RP22_1: 1
INFO:root:CHPP_97H_RP22_2: 2
INFO:root:CHPP_97H_RP23_1: 1
INFO:root:CHPP_97H_RP23_2: 2
INFO:root:CHPP_97H_RP24_1: 1
INFO:root:CHPP_97H_RP24_2: 2
INFO:root:CHPP_97H_RP3_1: 1
INFO:root:CHPP_97H_RP3_2: 2
INFO:root:CHPP_97H_RP4_1: 1
INFO:root:CHPP_97H_RP4_2: 2
INFO:root:CHPP_97H_RP5_1: 1
INFO:root:CHPP_97H_RP5_2: 2
INFO:root:CHPP_97H_RP6_1: 1
INFO:root:CHPP_97H_RP6_2: 2
INFO:root:CHPP_97H_RP7_1: 1
INFO:root:CHPP_97H_RP7_2: 2
INFO:root:CHPP_97H_RP8_1: 1
INFO:root:CHPP_97H_RP8_2: 2
INFO:root:CHPP_97H_RP9_1: 1
INFO:root:CHPP_97H_RP9_2: 2
INFO:root:CHPP_LM3_RP1_1: 3
INFO:root:CHPP_LM3_RP1_2: 4
INFO:root:CHPP_LM3_RP10_1: 3
INFO:root:CHPP_LM3_RP10_2: 4
INFO:root:CHPP_LM3_RP11_1: 3
INFO:root:CHPP_LM3_RP11_2: 4
INFO:root:CHPP_LM3_RP12_1: 3
INFO:root:CHPP_LM3_RP12_2: 4
INFO:root:CHPP_LM3_RP13_1: 3
INFO:root:CHPP_LM3_RP13_2: 4
INFO:root:CHPP_LM3_RP14_1: 3
INFO:root:CHPP_LM3_RP14_2: 4
INFO:root:CHPP_LM3_RP15_1: 3
INFO:root:CHPP_LM3_RP15_2: 4
INFO:root:CHPP_LM3_RP16_1: 3
INFO:root:CHPP_LM3_RP16_2: 4
INFO:root:CHPP_LM3_RP17_1: 3
INFO:root:CHPP_LM3_RP17_2: 4
INFO:root:CHPP_LM3_RP18_1: 3
INFO:root:CHPP_LM3_RP18_2: 4
INFO:root:CHPP_LM3_RP19_1: 3
INFO:root:CHPP_LM3_RP19_2: 4
INFO:root:CHPP_LM3_RP2_1: 3
INFO:root:CHPP_LM3_RP2_2: 4
INFO:root:CHPP_LM3_RP20_1: 3
INFO:root:CHPP_LM3_RP20_2: 4
INFO:root:CHPP_LM3_RP21_1: 3
INFO:root:CHPP_LM3_RP21_2: 4
INFO:root:CHPP_LM3_RP22_1: 3
INFO:root:CHPP_LM3_RP22_2: 4
INFO:root:CHPP_LM3_RP23_1: 3
INFO:root:CHPP_LM3_RP23_2: 4
INFO:root:CHPP_LM3_RP24_1: 3
INFO:root:CHPP_LM3_RP24_2: 4
INFO:root:CHPP_LM3_RP3_1: 3
INFO:root:CHPP_LM3_RP3_2: 4
INFO:root:CHPP_LM3_RP4_1: 3
INFO:root:CHPP_LM3_RP4_2: 4
INFO:root:CHPP_LM3_RP5_1: 3
INFO:root:CHPP_LM3_RP5_2: 4
INFO:root:CHPP_LM3_RP6_1: 3
INFO:root:CHPP_LM3_RP6_2: 4
INFO:root:CHPP_LM3_RP7_1: 3
INFO:root:CHPP_LM3_RP7_2: 4
INFO:root:CHPP_LM3_RP8_1: 3
INFO:root:CHPP_LM3_RP8_2: 4
INFO:root:CHPP_LM3_RP9_1: 3
INFO:root:CHPP_LM3_RP9_2: 4
INFO:root:SPHPP_UPV_JURKAT_QE_CHAPS_RPB_R1_1_10: 1
INFO:root:SPHPP_UPV_JURKAT_QE_CHAPS_RPB_R1_10_10: 1
INFO:root:SPHPP_UPV_JURKAT_QE_CHAPS_RPB_R1_2_10: 1
INFO:root:SPHPP_UPV_JURKAT_QE_CHAPS_RPB_R1_3_10: 1
INFO:root:SPHPP_UPV_JURKAT_QE_CHAPS_RPB_R1_4_10: 1
INFO:root:SPHPP_UPV_JURKAT_QE_CHAPS_RPB_R1_5_10: 1
INFO:root:SPHPP_UPV_JURKAT_QE_CHAPS_RPB_R1_7_10: 1
INFO:root:SPHPP_UPV_JURKAT_QE_CHAPS_RPB_R1_8_10: 1
INFO:root:SPHPP_UPV_JURKAT_QE_CHAPS_RPB_R1_9_10: 1
INFO:root:160923_A12_FullProteome2_WT_1_supernatant_SF_SCX12: 1
INFO:root:160923_A12_FullProteome2_WT_1_supernatant_SF_SCX3: 1
INFO:root:160923_A12_FullProteome2_WT_1_supernatant_SF_SCX4: 1
INFO:root:160923_A12_FullProteome2_WT_1_supernatant_SF_SCX5: 1
INFO:root:160923_A12_FullProteome2_WT_1_supernatant_SF_SCX6: 1
INFO:root:160923_A12_FullProteome2_WT_10_supernatant_Rapa_SCX12: 2
INFO:root:160923_A12_FullProteome2_WT_10_supernatant_Rapa_SCX3: 2
INFO:root:160923_A12_FullProteome2_WT_10_supernatant_Rapa_SCX4: 2
INFO:root:160923_A12_FullProteome2_WT_10_supernatant_Rapa_SCX5: 2
INFO:root:160923_A12_FullProteome2_WT_10_supernatant_Rapa_SCX6: 2
INFO:root:160923_A12_FullProteome2_WT_11_supernatant_Rapa_SCX12: 3
INFO:root:160923_A12_FullProteome2_WT_11_supernatant_Rapa_SCX3: 3
INFO:root:160923_A12_FullProteome2_WT_11_supernatant_Rapa_SCX4: 3
INFO:root:160923_A12_FullProteome2_WT_11_supernatant_Rapa_SCX5: 3
INFO:root:160923_A12_FullProteome2_WT_11_supernatant_Rapa_SCX6: 3
INFO:root:160923_A12_FullProteome2_WT_12_supernatant_Rapa_SCX12: 4
INFO:root:160923_A12_FullProteome2_WT_12_supernatant_Rapa_SCX3: 4
INFO:root:160923_A12_FullProteome2_WT_12_supernatant_Rapa_SCX4: 4
INFO:root:160923_A12_FullProteome2_WT_12_supernatant_Rapa_SCX5: 4
INFO:root:160923_A12_FullProteome2_WT_12_supernatant_Rapa_SCX6: 4
INFO:root:160923_A12_FullProteome2_WT_13_supernatant_DMSO_SCX12: 5
INFO:root:160923_A12_FullProteome2_WT_13_supernatant_DMSO_SCX3: 5
INFO:root:160923_A12_FullProteome2_WT_13_supernatant_DMSO_SCX4: 5
INFO:root:160923_A12_FullProteome2_WT_13_supernatant_DMSO_SCX5: 5
INFO:root:160923_A12_FullProteome2_WT_13_supernatant_DMSO_SCX6: 5
INFO:root:160923_A12_FullProteome2_WT_14_supernatant_DMSO_SCX12: 6
INFO:root:160923_A12_FullProteome2_WT_14_supernatant_DMSO_SCX3: 6
INFO:root:160923_A12_FullProteome2_WT_14_supernatant_DMSO_SCX4: 6
INFO:root:160923_A12_FullProteome2_WT_14_supernatant_DMSO_SCX5: 6
INFO:root:160923_A12_FullProteome2_WT_14_supernatant_DMSO_SCX6: 6
INFO:root:160923_A12_FullProteome2_WT_15_supernatant_DMSO_SCX12: 7
INFO:root:160923_A12_FullProteome2_WT_15_supernatant_DMSO_SCX3: 7
INFO:root:160923_A12_FullProteome2_WT_15_supernatant_DMSO_SCX4: 7
INFO:root:160923_A12_FullProteome2_WT_15_supernatant_DMSO_SCX5: 7
INFO:root:160923_A12_FullProteome2_WT_15_supernatant_DMSO_SCX6: 7
INFO:root:160923_A12_FullProteome2_WT_16_supernatant_DMSO_SCX12: 8
INFO:root:160923_A12_FullProteome2_WT_16_supernatant_DMSO_SCX3: 8
INFO:root:160923_A12_FullProteome2_WT_16_supernatant_DMSO_SCX4: 8
INFO:root:160923_A12_FullProteome2_WT_16_supernatant_DMSO_SCX5: 8
INFO:root:160923_A12_FullProteome2_WT_16_supernatant_DMSO_SCX6: 8
INFO:root:160923_A12_FullProteome2_WT_17_supernatant_DMSO_SCX12: 9
INFO:root:160923_A12_FullProteome2_WT_17_supernatant_DMSO_SCX3: 9
INFO:root:160923_A12_FullProteome2_WT_17_supernatant_DMSO_SCX4: 9
INFO:root:160923_A12_FullProteome2_WT_17_supernatant_DMSO_SCX5: 9
INFO:root:160923_A12_FullProteome2_WT_17_supernatant_DMSO_SCX6: 9
INFO:root:160923_A12_FullProteome2_WT_18_supernatant_DMSO_SCX12: 10
INFO:root:160923_A12_FullProteome2_WT_18_supernatant_DMSO_SCX3: 10
INFO:root:160923_A12_FullProteome2_WT_18_supernatant_DMSO_SCX4: 10
INFO:root:160923_A12_FullProteome2_WT_18_supernatant_DMSO_SCX5: 10
INFO:root:160923_A12_FullProteome2_WT_18_supernatant_DMSO_SCX6: 10
INFO:root:160923_A12_FullProteome2_WT_2_supernatant_SF_SCX12: 11
INFO:root:160923_A12_FullProteome2_WT_2_supernatant_SF_SCX3: 11
INFO:root:160923_A12_FullProteome2_WT_2_supernatant_SF_SCX4: 11
INFO:root:160923_A12_FullProteome2_WT_2_supernatant_SF_SCX5: 11
INFO:root:160923_A12_FullProteome2_WT_2_supernatant_SF_SCX6: 11
INFO:root:160923_A12_FullProteome2_WT_3_supernatant_SF_SCX12: 12
INFO:root:160923_A12_FullProteome2_WT_3_supernatant_SF_SCX3: 12
INFO:root:160923_A12_FullProteome2_WT_3_supernatant_SF_SCX4: 12
INFO:root:160923_A12_FullProteome2_WT_3_supernatant_SF_SCX5: 12
INFO:root:160923_A12_FullProteome2_WT_3_supernatant_SF_SCX6: 12
INFO:root:160923_A12_FullProteome2_WT_4_supernatant_SF_SCX12: 13
INFO:root:160923_A12_FullProteome2_WT_4_supernatant_SF_SCX3: 13
INFO:root:160923_A12_FullProteome2_WT_4_supernatant_SF_SCX4: 13
INFO:root:160923_A12_FullProteome2_WT_4_supernatant_SF_SCX5: 13
INFO:root:160923_A12_FullProteome2_WT_4_supernatant_SF_SCX6: 13
INFO:root:160923_A12_FullProteome2_WT_5_supernatant_SF_SCX12: 14
INFO:root:160923_A12_FullProteome2_WT_5_supernatant_SF_SCX3: 14
INFO:root:160923_A12_FullProteome2_WT_5_supernatant_SF_SCX4: 14
INFO:root:160923_A12_FullProteome2_WT_5_supernatant_SF_SCX5: 14
INFO:root:160923_A12_FullProteome2_WT_5_supernatant_SF_SCX6: 14
INFO:root:160923_A12_FullProteome2_WT_6_supernatant_SF_SCX12: 15
INFO:root:160923_A12_FullProteome2_WT_6_supernatant_SF_SCX3: 15
INFO:root:160923_A12_FullProteome2_WT_6_supernatant_SF_SCX4: 15
INFO:root:160923_A12_FullProteome2_WT_6_supernatant_SF_SCX6: 15
INFO:root:160923_A12_FullProteome2_WT_6_supernatant_SF_SCX6_161214131311: 15
INFO:root:160923_A12_FullProteome2_WT_7_supernatant_Rapa_SCX12: 16
INFO:root:160923_A12_FullProteome2_WT_7_supernatant_Rapa_SCX3: 16
INFO:root:160923_A12_FullProteome2_WT_7_supernatant_Rapa_SCX4: 16
INFO:root:160923_A12_FullProteome2_WT_7_supernatant_Rapa_SCX5: 16
INFO:root:160923_A12_FullProteome2_WT_7_supernatant_Rapa_SCX6: 16
INFO:root:160923_A12_FullProteome2_WT_8_supernatant_Rapa_SCX12: 17
INFO:root:160923_A12_FullProteome2_WT_8_supernatant_Rapa_SCX3: 17
INFO:root:160923_A12_FullProteome2_WT_8_supernatant_Rapa_SCX4: 17
INFO:root:160923_A12_FullProteome2_WT_8_supernatant_Rapa_SCX5: 17
INFO:root:160923_A12_FullProteome2_WT_8_supernatant_Rapa_SCX6: 17
INFO:root:160923_A12_FullProteome2_WT_9_supernatant_Rapa_SCX12: 18
INFO:root:160923_A12_FullProteome2_WT_9_supernatant_Rapa_SCX3: 18
INFO:root:160923_A12_FullProteome2_WT_9_supernatant_Rapa_SCX4: 18
INFO:root:160923_A12_FullProteome2_WT_9_supernatant_Rapa_SCX5: 18
INFO:root:160923_A12_FullProteome2_WT_9_supernatant_Rapa_SCX6: 18
INFO:root:MDA-MB-231_CC_CisPt: 0
INFO:root:MDA-MB-231_CC_control: 0
INFO:root:MDA-MB-231_CC_cyclo: 0
INFO:root:MDA-MB-231_CC_Dox: 0
INFO:root:MDA-MB-231_CSC_control: 0
INFO:root:20161017_QEp5_PiSc_SA_mock_48h_2: 0
INFO:root:20161017_QEp5_PiSc_SA_mock_48h_3: 0
INFO:root:20161017_QEp5_PiSc_SA_mock_48h_4: 0
INFO:root:20161017_QEp5_PiSc_SA_mock_72h_1: 0
INFO:root:20161017_QEp5_PiSc_SA_mock_72h_2: 0
INFO:root:20161017_QEp5_PiSc_SA_mock_72h_3: 0
INFO:root:20161017_QEp5_PiSc_SA_mock_72h_4: 0
INFO:root:20161018_QEp5_PiSc_SA_ZIKV_24h_1: 0
INFO:root:20161018_QEp5_PiSc_SA_ZIKV_24h_2: 0
INFO:root:20161018_QEp5_PiSc_SA_ZIKV_24h_3: 0
INFO:root:20161018_QEp5_PiSc_SA_ZIKV_24h_4: 0
INFO:root:20161018_QEp5_PiSc_SA_ZIKV_48h_1: 0
INFO:root:20161018_QEp5_PiSc_SA_ZIKV_48h_2: 0
INFO:root:20161018_QEp5_PiSc_SA_ZIKV_48h_3: 0
INFO:root:20161018_QEp5_PiSc_SA_ZIKV_48h_4: 0
INFO:root:20161018_QEp5_PiSc_SA_ZIKV_72h_1: 0
INFO:root:20161018_QEp5_PiSc_SA_ZIKV_72h_2: 0
INFO:root:20161018_QEp5_PiSc_SA_ZIKV_72h_3: 0
INFO:root:20161018_QEp5_PiSc_SA_ZIKV_72h_4: 0
INFO:root:20161021_QEp5_PiSc_SA_mock_24h_1: 0
INFO:root:20161021_QEp5_PiSc_SA_mock_24h_2: 0
INFO:root:20161021_QEp5_PiSc_SA_mock_24h_3: 0
INFO:root:20161021_QEp5_PiSc_SA_mock_24h_4: 0
INFO:root:20161021_QEp5_PiSc_SA_mock_48h_1: 0
INFO:root:A2780-1: 0
INFO:root:A2780-2: 0
INFO:root:A2780-DR control-1: 0
INFO:root:A2780-DR control-2: 0
INFO:root:A2780-DR H19si-1: 0
INFO:root:A2780-DR H19si-2: 0
INFO:root:A2780-DR-1: 0
INFO:root:A2780-DR-2: 0
INFO:root:20170210_MCF7_LysC_Null_1a: 0
INFO:root:20170210_MCF7_LysC_Null_1b: 0
INFO:root:20170210_MCF7_LysC_Null_2a: 0
INFO:root:20170210_MCF7_LysC_Null_2b: 0
INFO:root:20170210_MCF7_LysC_Null_3a: 0
INFO:root:20170210_MCF7_LysC_Null_3b: 0
INFO:root:20170210_MCF7_LysC_WT_1a: 0
INFO:root:20170210_MCF7_LysC_WT_1b: 0
INFO:root:20170210_MCF7_LysC_WT_2a: 0
INFO:root:20170210_MCF7_LysC_WT_2b: 0
INFO:root:20170210_MCF7_LysC_WT_3a: 0
INFO:root:20170210_MCF7_LysC_WT_3b: 0
INFO:root:20170210_MCF7_Trypsin_Null_1a: 0
INFO:root:20170210_MCF7_Trypsin_Null_1b: 0
INFO:root:20170210_MCF7_Trypsin_Null_2a: 0
INFO:root:20170210_MCF7_Trypsin_Null_2b: 0
INFO:root:20170210_MCF7_Trypsin_Null_3a: 0
INFO:root:20170210_MCF7_Trypsin_Null_3b: 0
INFO:root:20170210_MCF7_Trypsin_WT_1a: 0
INFO:root:20170210_MCF7_Trypsin_WT_1b: 0
INFO:root:20170210_MCF7_Trypsin_WT_2a: 0
INFO:root:20170210_MCF7_Trypsin_WT_2b: 0
INFO:root:20170210_MCF7_Trypsin_WT_3a: 0
INFO:root:20170210_MCF7_Trypsin_WT_3b: 0
INFO:root:EOT12-1010: 1
INFO:root:EOT12-1013: 1
INFO:root:EOT12-1014: 1
INFO:root:EOT12-1015: 1
INFO:root:EOT12-1016: 1
INFO:root:EOT12-1017: 1
INFO:root:EOT12-1018: 1
INFO:root:EOT12-1019: 1
INFO:root:EOT12-1020: 1
INFO:root:EOT12-1021: 1
INFO:root:EOT12-1022: 1
INFO:root:EOT12-1023: 1
INFO:root:EOT12-1024: 1
INFO:root:EOT12-1025: 1
INFO:root:V14707_PolyASN_test_445_Jurkat__31-05-2013_LMA0_fr5_130610002205: 2
INFO:root:V14708_PolyASN_test_445_Jurkat__31-05-2013_LMA0_fr6_130610011337: 2
INFO:root:V14709_PolyASN_test_361_Jurkat__31-05-2013_LMA0_fr5_130610020453: 1
INFO:root:V14710_PolyASN_test_361_Jurkat__31-05-2013_LMA0_fr6: 1
INFO:root:V14711_PolyASN_test_445_Jurkat_2ul_31-05-2013_LMA0_fr7: 2
INFO:root:V14712_PolyASN_test_445_Jurkat__31-05-2013_LMA0_fr8: 2
INFO:root:V14713_PolyASN_test_361_Jurkat_2ul_31-05-2013_LMA0_fr7: 1
INFO:root:V14714_PolyASN_test_361_Jurkat__31-05-2013_LMA0_fr8: 1
INFO:root:V14715_PolyASN_test_445_Jurkat__31-05-2013_LMA0_fr9: 2
INFO:root:V14716_PolyASN_test_445_Jurkat__31-05-2013_LMA0_fr10: 2
INFO:root:V14717_PolyASN_test_361_Jurkat__31-05-2013_LMA0_fr9: 1
INFO:root:V14718_PolyASN_test_361_Jurkat__31-05-2013_LMA0_fr10: 1
INFO:root:V14719_PolyASN_test_445_Jurkat__31-05-2013_LMA0_fr11: 2
INFO:root:V14720_PolyASN_test_445_Jurkat__31-05-2013_LMA0_fr12_130610153425: 2
INFO:root:V14721_PolyASN_test_361_Jurkat__31-05-2013_LMA0_fr11_130610162550: 1
INFO:root:V14722_PolyASN_test_361_Jurkat__31-05-2013_LMA0_fr12: 1
INFO:root:V14723_PolyASN_test_445_Jurkat__31-05-2013_LMA0_fr13: 2
INFO:root:V14724_PolyASN_test_445_Jurkat__31-05-2013_LMA0_fr14: 2
INFO:root:V14725_PolyASN_test_361_Jurkat__31-05-2013_LMA0_fr13: 1
INFO:root:V14726_PolyASN_test_361_Jurkat__31-05-2013_LMA0_fr14: 1
INFO:root:V14727_PolyASN_test_445_Jurkat__31-05-2013_LMA0_fr15: 2
INFO:root:V14728_PolyASN_test_445_Jurkat__31-05-2013_LMA0_fr16: 2
INFO:root:V14729_PolyASN_test_361_Jurkat__31-05-2013_LMA0_fr15: 1
INFO:root:V14730_PolyASN_test_361_Jurkat__31-05-2013_LMA0_fr16: 1
INFO:root:V14731_PolyASN_test_445_Jurkat__31-05-2013_LMA0_fr17: 2
INFO:root:V14732_PolyASN_test_445_Jurkat__31-05-2013_LMA0_fr18: 2
INFO:root:V14733_PolyASN_test_361_Jurkat__31-05-2013_LMA0_fr17: 1
INFO:root:V14734_PolyASN_test_361_Jurkat__31-05-2013_LMA0_fr18: 1
INFO:root:V14735_PolyASN_test_445_Jurkat__31-05-2013_LMA0_fr19: 2
INFO:root:V14736_PolyASN_test_445_Jurkat__31-05-2013_LMA0_fr20: 2
INFO:root:V14737_PolyASN_test_361_Jurkat__31-05-2013_LMA0_fr19: 1
INFO:root:V14738_PolyASN_test_361_Jurkat__31-05-2013_LMA0_fr20: 1
INFO:root:V14783_PolyASN_test_445_Jurkat__31-05-2013_LMA0_fr2: 2
INFO:root:V14785_PolyASN_test_361_Jurkat__31-05-2013_LMA0_fr2: 1
INFO:root:V14786_PolyASN_test_445_Jurkat__31-05-2013_LMA0_fr3: 2
INFO:root:V14787_PolyASN_test_445_Jurkat__31-05-2013_LMA0_fr4: 2
INFO:root:V14788_PolyASN_test_361_Jurkat__31-05-2013_LMA0_fr3: 1
INFO:root:V14789_PolyASN_test_361_Jurkat__31-05-2013_LMA0_fr4: 1
INFO:root:V14790_PolyASN_test_445_Jurkat__31-05-2013_LMA0_fr1_130617185057: 2
INFO:root:V14791_PolyASN_test_361_Jurkat__31-05-2013_LMA0_fr1_130617170822: 1
INFO:root:V14982_PolyASN_test_445_Jurkat__16-06-2013_LMA2_fr1: 2
INFO:root:V14983_PolyASN_test_445_Jurkat__16-06-2013_LMA2_fr2: 2
INFO:root:V14984_PolyASN_test_361_Jurkat__16-06-2013_LMA2_fr1: 1
INFO:root:V14985_PolyASN_test_361_Jurkat__16-06-2013_LMA2_fr2: 1
INFO:root:V14986_PolyASN_test_445_Jurkat__16-06-2013_LMA5_fr3: 2
INFO:root:V14987_PolyASN_test_445_Jurkat__16-06-2013_LMA5_fr4: 2
INFO:root:V14988_PolyASN_test_361_Jurkat__16-06-2013_LMA5_fr3: 1
INFO:root:V14989_PolyASN_test_361_Jurkat__16-06-2013_LMA5_fr4: 1
INFO:root:V14990_PolyASN_test_445_Jurkat__16-06-2013_LMA5_fr5: 2
INFO:root:V14991_PolyASN_test_445_Jurkat__16-06-2013_LMA5_fr6: 2
INFO:root:V14992_PolyASN_test_361_Jurkat__16-06-2013_LMA5_fr5: 1
INFO:root:V14993_PolyASN_test_361_Jurkat__16-06-2013_LMA5_fr6: 1
INFO:root:V14994_PolyASN_test_445_Jurkat__16-06-2013_LMA5_fr7: 2
INFO:root:V14995_PolyASN_test_445_Jurkat__16-06-2013_LMA5_fr8: 2
INFO:root:V14996_PolyASN_test_361_Jurkat__16-06-2013_LMA5_fr7: 1
INFO:root:V14997_PolyASN_test_361_Jurkat__16-06-2013_LMA5_fr8: 1
INFO:root:V14998_PolyASN_test_445_Jurkat__16-06-2013_LMA5_fr9: 2
INFO:root:V14999_PolyASN_test_445_Jurkat__16-06-2013_LMA5_fr10: 2
INFO:root:V15000_PolyASN_test_361_Jurkat__16-06-2013_LMA5_fr9: 1
INFO:root:V15001_PolyASN_test_361_Jurkat__16-06-2013_LMA5_fr10: 1
INFO:root:V15002_PolyASN_test_445_Jurkat__16-06-2013_LMA5_fr11: 2
INFO:root:V15003_PolyASN_test_445_Jurkat__16-06-2013_LMA5_fr12: 2
INFO:root:V15004_PolyASN_test_361_Jurkat__16-06-2013_LMA5_fr11: 1
INFO:root:V15005_PolyASN_test_361_Jurkat__16-06-2013_LMA5_fr12: 1
INFO:root:V15006_PolyASN_test_445_Jurkat__16-06-2013_LMA5_fr13: 2
INFO:root:V15007_PolyASN_test_445_Jurkat__16-06-2013_LMA5_fr14: 2
INFO:root:V15008_PolyASN_test_361_Jurkat__16-06-2013_LMA5_fr13: 1
INFO:root:V15009_PolyASN_test_361_Jurkat__16-06-2013_LMA5_fr14: 1
INFO:root:V15010_PolyASN_test_445_Jurkat__16-06-2013_LMA5_fr15: 2
INFO:root:V15011_PolyASN_test_445_Jurkat__16-06-2013_LMA5_fr16: 2
INFO:root:V15012_PolyASN_test_361_Jurkat__16-06-2013_LMA5_fr15: 1
INFO:root:V15013_PolyASN_test_361_Jurkat__16-06-2013_LMA5_fr16: 1
INFO:root:V15014_PolyASN_test_445_Jurkat__16-06-2013_LMA5_fr17: 2
INFO:root:V15015_PolyASN_test_445_Jurkat__16-06-2013_LMA5_fr18: 2
INFO:root:V15016_PolyASN_test_361_Jurkat__16-06-2013_LMA5_fr17: 1
INFO:root:V15017_PolyASN_test_361_Jurkat__16-06-2013_LMA5_fr18: 1
INFO:root:V15018_PolyASN_test_445_Jurkat__16-06-2013_LMA5_fr19: 2
INFO:root:V15019_PolyASN_test_445_Jurkat__16-06-2013_LMA5_fr20: 2
INFO:root:V15020_PolyASN_test_361_Jurkat__16-06-2013_LMA5_fr19: 1
INFO:root:V15021_PolyASN_test_361_Jurkat__16-06-2013_LMA5_fr20: 1
INFO:root:P15452_D_ZHI: 0
INFO:root:P15452_D_ZHI_151114034033: 0
INFO:root:P15452_D_ZHI_151114064020: 0
INFO:root:P15452_T_ZHI: 0
INFO:root:P15452_T_ZHI_151113094012: 0
INFO:root:P15452_T_ZHI_151113124048: 0
INFO:root:CFP_HT29_28m_1: 0
INFO:root:CFP_HT29_28m_2: 0
INFO:root:CFP_HT29_28m_3: 0
INFO:root:20190828_Lumos_ML_NP_EXP1_M0_Rep1: 0
INFO:root:20190828_Lumos_ML_NP_EXP1_M0_Rep2: 0
INFO:root:20190828_Lumos_ML_NP_EXP1_M0_Rep3: 0
INFO:root:20190828_Lumos_ML_NP_EXP1_M1_48h_Rep1: 0
INFO:root:20190828_Lumos_ML_NP_EXP1_M1_48h_Rep2: 0
INFO:root:20190828_Lumos_ML_NP_EXP1_M1_48h_Rep3: 0
INFO:root:20190828_Lumos_ML_NP_EXP1_M1_6h_Rep1: 0
INFO:root:20190828_Lumos_ML_NP_EXP1_M1_6h_Rep2: 0
INFO:root:20190828_Lumos_ML_NP_EXP1_M1_6h_Rep3: 0
INFO:root:20190828_Lumos_ML_NP_EXP1_M2_24h_Rep1: 0
INFO:root:20190828_Lumos_ML_NP_EXP1_M2_24h_Rep2: 0
INFO:root:20190828_Lumos_ML_NP_EXP1_M2_24h_Rep3: 0
INFO:root:20190828_Lumos_ML_NP_EXP1_M2_48h_Rep1: 0
INFO:root:20190828_Lumos_ML_NP_EXP1_M2_48h_Rep2: 0
INFO:root:20190828_Lumos_ML_NP_EXP1_M2_48h_Rep3: 0
INFO:root:20190828_Lumos_ML_NP_EXP1_ND_Rep1: 0
INFO:root:20190828_Lumos_ML_NP_EXP1_ND_Rep2: 0
INFO:root:20190828_Lumos_ML_NP_EXP1_ND_Rep3: 0
INFO:root:Ep_cells_HT29_27000: 0
INFO:root:b1906_293T_proteinID_01A_QE3_122212: 1
INFO:root:b1922_293T_proteinID_02A_QE3_122212: 1
INFO:root:b1923_293T_proteinID_03A_QE3_122212: 1
INFO:root:b1924_293T_proteinID_04A_QE3_122212: 1
INFO:root:b1925_293T_proteinID_05A_QE3_122212: 1
INFO:root:b1926_293T_proteinID_06A_QE3_122212: 1
INFO:root:b1927_293T_proteinID_07A_QE3_122212: 1
INFO:root:b1928_293T_proteinID_08A_QE3_122212: 1
INFO:root:b1929_293T_proteinID_09A_QE3_122212: 1
INFO:root:b1930_293T_proteinID_10A_QE3_122212: 1
INFO:root:b1931_293T_proteinID_11A_QE3_122212: 1
INFO:root:b1932_293T_proteinID_12A_QE3_122212: 1
INFO:root:b1937_293T_proteinID_01B_QE3_122212: 1
INFO:root:b1938_293T_proteinID_02B_QE3_122212: 1
INFO:root:b1939_293T_proteinID_03B_QE3_122212: 1
INFO:root:b1940_293T_proteinID_04B_QE3_122212: 1
INFO:root:b1941_293T_proteinID_05B_QE3_122212: 1
INFO:root:b1942_293T_proteinID_06B_QE3_122212: 1
INFO:root:b1943_293T_proteinID_07B_QE3_122212: 1
INFO:root:b1944_293T_proteinID_08B_QE3_122212: 1
INFO:root:b1945_293T_proteinID_09B_QE3_122212: 1
INFO:root:b1946_293T_proteinID_10B_QE3_122212: 1
INFO:root:b1947_293T_proteinID_11B_QE3_122212: 1
INFO:root:b1948_293T_proteinID_12B_QE3_122212: 1
INFO:root:20111219_EXQ5_KiSh_SA_LabelFree_HeLa_Proteome_Control_rep1_pH11: 1
INFO:root:20111219_EXQ5_KiSh_SA_LabelFree_HeLa_Proteome_Control_rep1_pH3: 1
INFO:root:20111219_EXQ5_KiSh_SA_LabelFree_HeLa_Proteome_Control_rep1_pH4: 1
INFO:root:20111219_EXQ5_KiSh_SA_LabelFree_HeLa_Proteome_Control_rep1_pH5: 1
INFO:root:20111219_EXQ5_KiSh_SA_LabelFree_HeLa_Proteome_Control_rep1_pH6: 1
INFO:root:20111219_EXQ5_KiSh_SA_LabelFree_HeLa_Proteome_Control_rep1_pH8: 1
INFO:root:20111219_EXQ5_KiSh_SA_LabelFree_HeLa_Proteome_Control_rep2_pH11: 2
INFO:root:20111219_EXQ5_KiSh_SA_LabelFree_HeLa_Proteome_Control_rep2_pH3: 2
INFO:root:20111219_EXQ5_KiSh_SA_LabelFree_HeLa_Proteome_Control_rep2_pH4: 2
INFO:root:20111219_EXQ5_KiSh_SA_LabelFree_HeLa_Proteome_Control_rep2_pH5: 2
INFO:root:20111219_EXQ5_KiSh_SA_LabelFree_HeLa_Proteome_Control_rep2_pH6: 2
INFO:root:20111219_EXQ5_KiSh_SA_LabelFree_HeLa_Proteome_Control_rep2_pH8: 2
INFO:root:20111222_EXQ5_KiSh_SA_LabelFree_HeLa_Proteome_Control_rep3_pH11: 3
INFO:root:20111222_EXQ5_KiSh_SA_LabelFree_HeLa_Proteome_Control_rep3_pH3: 3
INFO:root:20111222_EXQ5_KiSh_SA_LabelFree_HeLa_Proteome_Control_rep3_pH4: 3
INFO:root:20111222_EXQ5_KiSh_SA_LabelFree_HeLa_Proteome_Control_rep3_pH5: 3
INFO:root:20111222_EXQ5_KiSh_SA_LabelFree_HeLa_Proteome_Control_rep3_pH6: 3
INFO:root:20111222_EXQ5_KiSh_SA_LabelFree_HeLa_Proteome_Control_rep3_pH8: 3
INFO:root:20111225_EXQ5_KiSh_SA_LabelFree_HeLa_Proteome_Control_rep4_pH11: 4
INFO:root:20111225_EXQ5_KiSh_SA_LabelFree_HeLa_Proteome_Control_rep4_pH3: 4
INFO:root:20111225_EXQ5_KiSh_SA_LabelFree_HeLa_Proteome_Control_rep4_pH4: 4
INFO:root:20111225_EXQ5_KiSh_SA_LabelFree_HeLa_Proteome_Control_rep4_pH5: 4
INFO:root:20111225_EXQ5_KiSh_SA_LabelFree_HeLa_Proteome_Control_rep4_pH6: 4
INFO:root:20111225_EXQ5_KiSh_SA_LabelFree_HeLa_Proteome_Control_rep4_pH8: 4
INFO:root:20111225_EXQ5_KiSh_SA_LabelFree_HeLa_Proteome_Control_rep5_pH11: 5
INFO:root:20111225_EXQ5_KiSh_SA_LabelFree_HeLa_Proteome_Control_rep5_pH3: 5
INFO:root:20111225_EXQ5_KiSh_SA_LabelFree_HeLa_Proteome_Control_rep5_pH4: 5
INFO:root:20111225_EXQ5_KiSh_SA_LabelFree_HeLa_Proteome_Control_rep5_pH5: 5
INFO:root:20111225_EXQ5_KiSh_SA_LabelFree_HeLa_Proteome_Control_rep5_pH6: 5
INFO:root:20111225_EXQ5_KiSh_SA_LabelFree_HeLa_Proteome_Control_rep5_pH8: 5
INFO:root:20120125_EXQ5_KiSh_SA_LabelFree_HeLa_Proteome_Control_rep6_pH11: 6
INFO:root:20120125_EXQ5_KiSh_SA_LabelFree_HeLa_Proteome_Control_rep6_pH3: 6
INFO:root:20120125_EXQ5_KiSh_SA_LabelFree_HeLa_Proteome_Control_rep6_pH4: 6
INFO:root:20120125_EXQ5_KiSh_SA_LabelFree_HeLa_Proteome_Control_rep6_pH5: 6
INFO:root:20120125_EXQ5_KiSh_SA_LabelFree_HeLa_Proteome_Control_rep6_pH6: 6
INFO:root:20120125_EXQ5_KiSh_SA_LabelFree_HeLa_Proteome_Control_rep6_pH8: 6
INFO:root:PT4530-1: 1
INFO:root:PT4530-10: 1
INFO:root:PT4530-11: 1
INFO:root:PT4530-12: 1
INFO:root:PT4530-13: 1
INFO:root:PT4530-14: 1
INFO:root:PT4530-15: 1
INFO:root:PT4530-2: 1
INFO:root:PT4530-3: 1
INFO:root:PT4530-4: 1
INFO:root:PT4530-5: 1
INFO:root:PT4530-6: 1
INFO:root:PT4530-7: 1
INFO:root:PT4530-8: 1
INFO:root:PT4530-9: 1
INFO:root:PT4535-1: 2
INFO:root:PT4535-10: 2
INFO:root:PT4535-11: 2
INFO:root:PT4535-12: 2
INFO:root:PT4535-13: 2
INFO:root:PT4535-14: 2
INFO:root:PT4535-15: 2
INFO:root:PT4535-16: 2
INFO:root:PT4535-2: 2
INFO:root:PT4535-3: 2
INFO:root:PT4535-4: 2
INFO:root:PT4535-5: 2
INFO:root:PT4535-6: 2
INFO:root:PT4535-7: 2
INFO:root:PT4535-8: 2
INFO:root:PT4535-9: 2
INFO:root:PT4708-1: 3
INFO:root:PT4708-10: 3
INFO:root:PT4708-11: 3
INFO:root:PT4708-12: 3
INFO:root:PT4708-13: 3
INFO:root:PT4708-14: 3
INFO:root:PT4708-15: 3
INFO:root:PT4708-16: 3
INFO:root:PT4708-2: 3
INFO:root:PT4708-3: 3
INFO:root:PT4708-4: 3
INFO:root:PT4708-5: 3
INFO:root:PT4708-6: 3
INFO:root:PT4708-7: 3
INFO:root:PT4708-8: 3
INFO:root:PT4708-9: 3
INFO:root:PT4710-1: 4
INFO:root:PT4710-10: 4
INFO:root:PT4710-11: 4
INFO:root:PT4710-12: 4
INFO:root:102214_SC_HEK293_25ug_HCD_FTMS_MS2_02: /
INFO:root:102214_SC_HEK293_25ug_HCD_FTMS_MS2_03: /
INFO:root:102214_SC_HEK293_25ug_HCD_FTMS_MS2_04: /
INFO:root:102214_SC_HEK293_25ug_HCD_FTMS_MS2_05: /
INFO:root:102214_SC_HEK293_25ug_HCD_FTMS_MS2_06: /
INFO:root:102214_SC_HEK293_25ug_HCD_FTMS_MS2_07: /
INFO:root:102214_SC_HEK293_25ug_HCD_FTMS_MS2_08: /
INFO:root:102214_SC_HEK293_25ug_HCD_FTMS_MS2_09: /
INFO:root:102214_SC_HEK293_25ug_HCD_FTMS_MS2_10: /
INFO:root:102214_SC_HEK293_25ug_HCD_FTMS_MS2_11: /
INFO:root:102214_SC_HEK293_25ug_HCD_FTMS_MS2_12: /
INFO:root:fr_opt_n02_r02: 2
INFO:root:fr_opt_n02_r03: 3
INFO:root:fr_opt_n03_r01: 1
INFO:root:fr_opt_n03_r02: 2
INFO:root:fr_opt_n03_r03: 3
INFO:root:fr_opt_n04_r01: 1
INFO:root:fr_opt_n05_r01: 1
INFO:root:fr_opt_n06_r01: 1
INFO:root:fr_opt_n06_r02: 2
INFO:root:fr_opt_n06_r03: 3
INFO:root:fr_opt_n07_r01: 1
INFO:root:fr_opt_n07_r02: 2
INFO:root:fr_opt_n07_r03: 3
INFO:root:fr_opt_n08_r01: 1
INFO:root:fr_opt_n08_r02: 2
INFO:root:fr_opt_n08_r03: 3
INFO:root:fr_opt_n09_r01: 1
INFO:root:fr_opt_n09_r02: 2
INFO:root:fr_opt_n09_r03: 3
INFO:root:fr_opt_n10_r01: 1
INFO:root:fr_opt_n10_r02: 2
INFO:root:fr_opt_n10_r03: 3
INFO:root:MSA_09_new_column_04H_r01: /
INFO:root:MSA_09_new_column_04H_r02: /
INFO:root:MSA_5_6_02: /
INFO:root:MSA_5_6_03: /
INFO:root:20160107_QEp7_IgPa_MA_Easy12_3_HeLa_01: /
INFO:root:20160114_QEp7_IgPa_MA_Easy12_3_HeLa_02: /
INFO:root:20160117_QEp7_IgPa_MA_Easy12_3_HeLa_03: /
INFO:root:20160127_QEp7_IgPa_MA_Easy12_3_HeLa_04: /
INFO:root:ath017216: 1
INFO:root:ath017217: 1
INFO:root:ath017218: 1
INFO:root:ath017219: 1
INFO:root:ath017220: 1
INFO:root:ath017221: 1
INFO:root:ath017222: 1
INFO:root:ath017223: 1
INFO:root:ath017224: 1
INFO:root:ath017225: 1
INFO:root:ath017226: 1
INFO:root:ath017256: 1
INFO:root:151019_Q_Hela_02_01_1ug_50cm_CID_FT_EasySpray_90min: /
INFO:root:151019_Q_Hela_02_02_1ug_50cm_CID_FT_EasySpray_90min: /
INFO:root:151019_Q_Hela_02_03_1ug_50cm_CID_FT_EasySpray_90min: /
INFO:root:151019_Q_Hela_03_01_1ug_50cm_HCD_FT_EasySpray_90min: /
INFO:root:151019_Q_Hela_03_02_1ug_50cm_HCD_FT_EasySpray_90min: /
INFO:root:151019_Q_Hela_03_03_1ug_50cm_HCD_FT_EasySpray_90min: /
INFO:root:20131226_HeLa_bRP01_120min: 1
INFO:root:20131226_HeLa_bRP02_120min: 1
INFO:root:20131226_HeLa_bRP03_120min: 1
INFO:root:20131226_HeLa_bRP04_120min: 1
INFO:root:20131226_HeLa_bRP05_120min: 1
INFO:root:20131226_HeLa_bRP06_120min: 1
INFO:root:Seq44770_QE2: /
INFO:root:Seq44771_QE2: /
INFO:root:Seq44772_QE2: /
INFO:root:Seq44773_QE2: /
INFO:root:Seq44778_QE2: /
INFO:root:Seq44779_QE2: /
INFO:root:Seq45486_QE2: /
INFO:root:Seq45487_QE2: /
INFO:root:Seq45488_QE2: /
INFO:root:Seq45489_QE2: /
INFO:root:Seq45490_QE2: /
INFO:root:Seq45491_QE2: /
INFO:root:Seq45492_QE2: /
INFO:root:Seq45493_QE2: /
INFO:root:Seq45494_QE2: /
INFO:root:Seq45495_QE2: /
INFO:root:Seq45496_QE2: /
INFO:root:Seq45497_QE2: /
INFO:root:Seq46124_QE3: /
INFO:root:Seq46125_QE3: /
INFO:root:Seq46126_QE3: /
INFO:root:Seq46127_QE3: /
INFO:root:Seq46128_QE3: /
INFO:root:Seq46134_QE3: /
INFO:root:Seq46135_QE3: /
INFO:root:Seq46136_QE3: /
INFO:root:Seq46137_QE3: /
INFO:root:Seq46138_QE3: /
INFO:root:Seq46144_QE3: /
INFO:root:Seq46145_QE3: /
INFO:root:Seq46146_QE3: /
INFO:root:Seq46147_QE3: /
INFO:root:Seq46148_QE3: /
INFO:root:Seq46154_QE3: /
INFO:root:Seq46155_QE3: /
INFO:root:Seq46156_QE3: /
INFO:root:Seq46157_QE3: /
INFO:root:Seq46158_QE3: /
INFO:root:Seq46164_QE3: /
INFO:root:Seq46165_QE3: /
INFO:root:Seq46166_QE3: /
INFO:root:Seq46167_QE3: /
INFO:root:Seq46168_QE3: /
INFO:root:Seq46174_QE3: /
INFO:root:Seq46175_QE3: /
INFO:root:Seq46176_QE3: /
INFO:root:Seq46177_QE3: /
INFO:root:Seq46178_QE3: /
INFO:root:20120227_MT_01: /
INFO:root:20120227_MT_02: /
INFO:root:20120227_MT_03: /
INFO:root:20120302_MT_AspD0_load_2uL_4h_G6: /
INFO:root:20120302_MT_AspD3_load_2uL_4h_G6: /
INFO:root:20120302_MT_DMSO_load_2uL_4h_G6: /
INFO:root:20120306_MT_AspD0_load_2h_G6: /
INFO:root:20120306_MT_AspD3_load_2h_G6: /
INFO:root:20120306_MT_DMSO_load_2h_G6: /
INFO:root:20140919_QE6+_LC5_CY_SA_IsoAsp_40min_12mix_01: /
INFO:root:20140919_QE6+_LC5_CY_SA_IsoAsp_40min_12mix_02: /
INFO:root:20140919_QE6+_LC5_CY_SA_IsoAsp_40min_12mix_05: /
INFO:root:20141012_QE6+_LC5_CY_SA_PierceHeLa_01: /
INFO:root:20141012_QE6+_LC5_CY_SA_PierceHeLa_02: /
INFO:root:20141012_QE6+_LC5_CY_SA_PierceHeLa_03: /
INFO:root:20141012_QE6+_LC5_CY_SA_PierceHeLa_04: /
INFO:root:20141012_QE6+_LC5_CY_SA_PierceHeLa_05: /
INFO:root:20141012_QE6+_LC5_CY_SA_PierceHeLa_06: /
INFO:root:20141012_QE6+_LC5_CY_SA_PierceHeLa_07: /
INFO:root:20141012_QE6+_LC5_CY_SA_PierceHeLa_08: /
INFO:root:20141012_QE6+_LC5_CY_SA_PierceHeLa_09: /
INFO:root:20141012_QE6+_LC5_CY_SA_PierceHeLa_10: /
INFO:root:20141012_QE6+_LC5_CY_SA_PierceHeLa_11: /
INFO:root:20141012_QE6+_LC5_CY_SA_PierceHeLa_12: /
INFO:root:20130312_EXQ4_FaCo_SA_CL_DOV13_A: /
INFO:root:20130312_EXQ4_FaCo_SA_CL_DOV13_B: /
INFO:root:20130312_EXQ4_FaCo_SA_CL_DOV13_C: /
INFO:root:20130314_EXQ4_FaCo_SA_CL_OVCA433_B: /
INFO:root:20130314_EXQ4_FaCo_SA_CL_OVISE_A: /
INFO:root:20130314_EXQ4_FaCo_SA_CL_OVISE_B: /
INFO:root:20130314_EXQ4_FaCo_SA_CL_OVISE_C: /
INFO:root:20130315_EXQ4_FaCo_SA_CL_IOSE7576_C: /
INFO:root:20130315_EXQ4_FaCo_SA_CL_IOSE7675_A: /
INFO:root:20130315_EXQ4_FaCo_SA_CL_IOSE7675_B: /
INFO:root:20130315_EXQ4_FaCo_SA_CL_SKOV3IP1_A: /
INFO:root:20130315_EXQ4_FaCo_SA_CL_SKOV3IP1_B: /
INFO:root:20130315_EXQ4_FaCo_SA_CL_SKOV3IP1_C: /
INFO:root:20130607_EXQ4_FaCo_SA_CL_A2780_A: /
INFO:root:20130607_EXQ4_FaCo_SA_CL_A2780_B: /
INFO:root:20130607_EXQ4_FaCo_SA_CL_A2780CP70_A: /
INFO:root:20130607_EXQ4_FaCo_SA_CL_A2780CP70_B: /
INFO:root:20130607_EXQ4_FaCo_SA_CL_A2780CP70_C: /
INFO:root:20130619_EXQ4_FaCo_SA_CL_A2780_C: /
INFO:root:20130809_EXQ3_FaCo_SA_CL_IOSE397_A: /
INFO:root:20130809_EXQ3_FaCo_SA_CL_IOSE397_B: /
INFO:root:20131018_EXQ3_FaCo_SA_CL_ME180C13_A: /
INFO:root:20131018_EXQ3_FaCo_SA_CL_ME180C13_B: /
INFO:root:20131018_EXQ3_FaCo_SA_CL_ME180C13_C: /
INFO:root:20131018_EXQ3_FaCo_SA_CL_TOV112D_A: /
INFO:root:20131018_EXQ3_FaCo_SA_CL_TOV112D_B: /
INFO:root:20131021_EXQ3_FaCo_SA_CL_ME180_A: /
INFO:root:20131021_EXQ3_FaCo_SA_CL_ME180_B: /
INFO:root:20131021_EXQ3_FaCo_SA_CL_ME180_C: /
INFO:root:20131022_EXQ3_FaCo_SA_CL_TYKNU_C: /
INFO:root:20131025_EXQ3_FaCo_SA_CL_IGROV1_A: /
INFO:root:20131025_EXQ3_FaCo_SA_CL_IGROV1_B: /
INFO:root:20131025_EXQ3_FaCo_SA_CL_IGROV1_C: /
INFO:root:20131025_EXQ3_FaCo_SA_CL_IGROV1CP_A: /
INFO:root:20131025_EXQ3_FaCo_SA_CL_IGROV1CP_B: /
INFO:root:20131025_EXQ3_FaCo_SA_CL_IGROV1CP_C: /
INFO:root:20131025_EXQ3_FaCo_SA_CL_TOV112D_C: /
INFO:root:20131025_EXQ3_FaCo_SA_CL_TOV112DR_A: /
INFO:root:20131025_EXQ3_FaCo_SA_CL_TOV112DR_B: /
INFO:root:20131025_EXQ3_FaCo_SA_CL_TOV112DR_C: /
INFO:root:20150115_QE3_UPLC9_DBJ_SA_Waters_70frac_no_concatenation_rep1_1: 1
INFO:root:20150115_QE3_UPLC9_DBJ_SA_Waters_70frac_no_concatenation_rep1_10: 1
INFO:root:20150115_QE3_UPLC9_DBJ_SA_Waters_70frac_no_concatenation_rep1_11: 1
INFO:root:20150115_QE3_UPLC9_DBJ_SA_Waters_70frac_no_concatenation_rep1_12: 1
INFO:root:20150115_QE3_UPLC9_DBJ_SA_Waters_70frac_no_concatenation_rep1_13: 1
INFO:root:20150115_QE3_UPLC9_DBJ_SA_Waters_70frac_no_concatenation_rep1_14: 1
INFO:root:20150115_QE3_UPLC9_DBJ_SA_Waters_70frac_no_concatenation_rep1_15: 1
INFO:root:20150115_QE3_UPLC9_DBJ_SA_Waters_70frac_no_concatenation_rep1_16: 1
INFO:root:20150115_QE3_UPLC9_DBJ_SA_Waters_70frac_no_concatenation_rep1_17: 1
INFO:root:20150115_QE3_UPLC9_DBJ_SA_Waters_70frac_no_concatenation_rep1_18: 1
INFO:root:20150115_QE3_UPLC9_DBJ_SA_Waters_70frac_no_concatenation_rep1_19: 1
INFO:root:20150115_QE3_UPLC9_DBJ_SA_Waters_70frac_no_concatenation_rep1_2: 1
INFO:root:20150115_QE3_UPLC9_DBJ_SA_Waters_70frac_no_concatenation_rep1_20: 1
INFO:root:20150115_QE3_UPLC9_DBJ_SA_Waters_70frac_no_concatenation_rep1_21: 1
INFO:root:20150115_QE3_UPLC9_DBJ_SA_Waters_70frac_no_concatenation_rep1_22: 1
INFO:root:20150115_QE3_UPLC9_DBJ_SA_Waters_70frac_no_concatenation_rep1_23: 1
INFO:root:20150115_QE3_UPLC9_DBJ_SA_Waters_70frac_no_concatenation_rep1_24: 1
INFO:root:20150115_QE3_UPLC9_DBJ_SA_Waters_70frac_no_concatenation_rep1_25: 1
INFO:root:20150115_QE3_UPLC9_DBJ_SA_Waters_70frac_no_concatenation_rep1_26: 1
INFO:root:20150115_QE3_UPLC9_DBJ_SA_Waters_70frac_no_concatenation_rep1_27: 1
INFO:root:20150115_QE3_UPLC9_DBJ_SA_Waters_70frac_no_concatenation_rep1_28: 1
INFO:root:20150115_QE3_UPLC9_DBJ_SA_Waters_70frac_no_concatenation_rep1_29: 1
INFO:root:20150115_QE3_UPLC9_DBJ_SA_Waters_70frac_no_concatenation_rep1_3: 1
INFO:root:20150115_QE3_UPLC9_DBJ_SA_Waters_70frac_no_concatenation_rep1_30: 1
INFO:root:20150115_QE3_UPLC9_DBJ_SA_Waters_70frac_no_concatenation_rep1_31: 1
INFO:root:20150115_QE3_UPLC9_DBJ_SA_Waters_70frac_no_concatenation_rep1_32: 1
INFO:root:20150115_QE3_UPLC9_DBJ_SA_Waters_70frac_no_concatenation_rep1_33: 1
INFO:root:20150115_QE3_UPLC9_DBJ_SA_Waters_70frac_no_concatenation_rep1_34: 1
INFO:root:20150115_QE3_UPLC9_DBJ_SA_Waters_70frac_no_concatenation_rep1_35: 1
INFO:root:20150115_QE3_UPLC9_DBJ_SA_Waters_70frac_no_concatenation_rep1_36: 1
INFO:root:20150115_QE3_UPLC9_DBJ_SA_Waters_70frac_no_concatenation_rep1_37: 1
INFO:root:20150115_QE3_UPLC9_DBJ_SA_Waters_70frac_no_concatenation_rep1_38: 1
INFO:root:20150115_QE3_UPLC9_DBJ_SA_Waters_70frac_no_concatenation_rep1_39: 1
INFO:root:20150115_QE3_UPLC9_DBJ_SA_Waters_70frac_no_concatenation_rep1_4: 1
INFO:root:20150115_QE3_UPLC9_DBJ_SA_Waters_70frac_no_concatenation_rep1_40: 1
INFO:root:20150115_QE3_UPLC9_DBJ_SA_Waters_70frac_no_concatenation_rep1_41: 1
INFO:root:20150115_QE3_UPLC9_DBJ_SA_Waters_70frac_no_concatenation_rep1_42: 1
INFO:root:20150115_QE3_UPLC9_DBJ_SA_Waters_70frac_no_concatenation_rep1_43: 1
INFO:root:20150115_QE3_UPLC9_DBJ_SA_Waters_70frac_no_concatenation_rep1_44: 1
INFO:root:20150115_QE3_UPLC9_DBJ_SA_Waters_70frac_no_concatenation_rep1_45: 1
INFO:root:20150115_QE3_UPLC9_DBJ_SA_Waters_70frac_no_concatenation_rep1_46: 1
INFO:root:20150115_QE3_UPLC9_DBJ_SA_Waters_70frac_no_concatenation_rep1_47: 1
INFO:root:20150115_QE3_UPLC9_DBJ_SA_Waters_70frac_no_concatenation_rep1_48: 1
INFO:root:20150115_QE3_UPLC9_DBJ_SA_Waters_70frac_no_concatenation_rep1_49: 1
INFO:root:20150115_QE3_UPLC9_DBJ_SA_Waters_70frac_no_concatenation_rep1_5: 1
INFO:root:20150115_QE3_UPLC9_DBJ_SA_Waters_70frac_no_concatenation_rep1_50: 1
INFO:root:20150115_QE3_UPLC9_DBJ_SA_Waters_70frac_no_concatenation_rep1_51: 1
INFO:root:20150115_QE3_UPLC9_DBJ_SA_Waters_70frac_no_concatenation_rep1_52: 1
INFO:root:20150115_QE3_UPLC9_DBJ_SA_Waters_70frac_no_concatenation_rep1_53: 1
INFO:root:20150115_QE3_UPLC9_DBJ_SA_Waters_70frac_no_concatenation_rep1_54: 1
INFO:root:20150115_QE3_UPLC9_DBJ_SA_Waters_70frac_no_concatenation_rep1_55: 1
INFO:root:20150115_QE3_UPLC9_DBJ_SA_Waters_70frac_no_concatenation_rep1_56: 1
INFO:root:20150115_QE3_UPLC9_DBJ_SA_Waters_70frac_no_concatenation_rep1_57: 1
INFO:root:20150115_QE3_UPLC9_DBJ_SA_Waters_70frac_no_concatenation_rep1_58: 1
INFO:root:20150115_QE3_UPLC9_DBJ_SA_Waters_70frac_no_concatenation_rep1_59: 1
INFO:root:20150115_QE3_UPLC9_DBJ_SA_Waters_70frac_no_concatenation_rep1_6: 1
INFO:root:20150115_QE3_UPLC9_DBJ_SA_Waters_70frac_no_concatenation_rep1_60: 1
INFO:root:20150115_QE3_UPLC9_DBJ_SA_Waters_70frac_no_concatenation_rep1_61: 1
INFO:root:20150115_QE3_UPLC9_DBJ_SA_Waters_70frac_no_concatenation_rep1_62_150118230431: 1
INFO:root:20150115_QE3_UPLC9_DBJ_SA_Waters_70frac_no_concatenation_rep1_63: 1
INFO:root:20150115_QE3_UPLC9_DBJ_SA_Waters_70frac_no_concatenation_rep1_64: 1
INFO:root:20150115_QE3_UPLC9_DBJ_SA_Waters_70frac_no_concatenation_rep1_65: 1
INFO:root:20150115_QE3_UPLC9_DBJ_SA_Waters_70frac_no_concatenation_rep1_66: 1
INFO:root:20150115_QE3_UPLC9_DBJ_SA_Waters_70frac_no_concatenation_rep1_67: 1
INFO:root:20150115_QE3_UPLC9_DBJ_SA_Waters_70frac_no_concatenation_rep1_68: 1
INFO:root:20150115_QE3_UPLC9_DBJ_SA_Waters_70frac_no_concatenation_rep1_69: 1
INFO:root:20150115_QE3_UPLC9_DBJ_SA_Waters_70frac_no_concatenation_rep1_7: 1
INFO:root:20150115_QE3_UPLC9_DBJ_SA_Waters_70frac_no_concatenation_rep1_70: 1
INFO:root:20150115_QE3_UPLC9_DBJ_SA_Waters_70frac_no_concatenation_rep1_8: 1
INFO:root:20150115_QE3_UPLC9_DBJ_SA_Waters_70frac_no_concatenation_rep1_9: 1
INFO:root:20150410_QE3_UPLC9_DBJ_SA_46fractions_Rep1_1: 2
INFO:root:20150410_QE3_UPLC9_DBJ_SA_46fractions_Rep1_10: 2
INFO:root:20150410_QE3_UPLC9_DBJ_SA_46fractions_Rep1_11: 2
INFO:root:20150410_QE3_UPLC9_DBJ_SA_46fractions_Rep1_12: 2
INFO:root:20150410_QE3_UPLC9_DBJ_SA_46fractions_Rep1_13: 2
INFO:root:20150410_QE3_UPLC9_DBJ_SA_46fractions_Rep1_14: 2
INFO:root:20150410_QE3_UPLC9_DBJ_SA_46fractions_Rep1_15: 2
INFO:root:20150410_QE3_UPLC9_DBJ_SA_46fractions_Rep1_16: 2
INFO:root:20150410_QE3_UPLC9_DBJ_SA_46fractions_Rep1_17: 2
INFO:root:20150410_QE3_UPLC9_DBJ_SA_46fractions_Rep1_18: 2
INFO:root:20150410_QE3_UPLC9_DBJ_SA_46fractions_Rep1_19: 2
INFO:root:20150410_QE3_UPLC9_DBJ_SA_46fractions_Rep1_2: 2
INFO:root:20150410_QE3_UPLC9_DBJ_SA_46fractions_Rep1_20: 2
INFO:root:20150410_QE3_UPLC9_DBJ_SA_46fractions_Rep1_21: 2
INFO:root:20150410_QE3_UPLC9_DBJ_SA_46fractions_Rep1_22: 2
INFO:root:20150410_QE3_UPLC9_DBJ_SA_46fractions_Rep1_23: 2
INFO:root:20150410_QE3_UPLC9_DBJ_SA_46fractions_Rep1_24: 2
INFO:root:20150410_QE3_UPLC9_DBJ_SA_46fractions_Rep1_25: 2
INFO:root:20150410_QE3_UPLC9_DBJ_SA_46fractions_Rep1_26: 2
INFO:root:20150410_QE3_UPLC9_DBJ_SA_46fractions_Rep1_27: 2
INFO:root:20150410_QE3_UPLC9_DBJ_SA_46fractions_Rep1_28: 2
INFO:root:20150410_QE3_UPLC9_DBJ_SA_46fractions_Rep1_29: 2
INFO:root:20150410_QE3_UPLC9_DBJ_SA_46fractions_Rep1_3: 2
INFO:root:20150410_QE3_UPLC9_DBJ_SA_46fractions_Rep1_30: 2
INFO:root:20150410_QE3_UPLC9_DBJ_SA_46fractions_Rep1_31: 2
INFO:root:20150410_QE3_UPLC9_DBJ_SA_46fractions_Rep1_32: 2
INFO:root:20150410_QE3_UPLC9_DBJ_SA_46fractions_Rep1_33: 2
INFO:root:20150410_QE3_UPLC9_DBJ_SA_46fractions_Rep1_34: 2
INFO:root:20150410_QE3_UPLC9_DBJ_SA_46fractions_Rep1_35: 2
INFO:root:20150410_QE3_UPLC9_DBJ_SA_46fractions_Rep1_36: 2
INFO:root:20150410_QE3_UPLC9_DBJ_SA_46fractions_Rep1_37: 2
INFO:root:20150410_QE3_UPLC9_DBJ_SA_46fractions_Rep1_38: 2
INFO:root:20150410_QE3_UPLC9_DBJ_SA_46fractions_Rep1_39: 2
INFO:root:20150410_QE3_UPLC9_DBJ_SA_46fractions_Rep1_4: 2
INFO:root:20150410_QE3_UPLC9_DBJ_SA_46fractions_Rep1_40: 2
INFO:root:20150410_QE3_UPLC9_DBJ_SA_46fractions_Rep1_41: 2
INFO:root:20150410_QE3_UPLC9_DBJ_SA_46fractions_Rep1_42: 2
INFO:root:20150410_QE3_UPLC9_DBJ_SA_46fractions_Rep1_43: 2
INFO:root:20150410_QE3_UPLC9_DBJ_SA_46fractions_Rep1_44: 2
INFO:root:20150410_QE3_UPLC9_DBJ_SA_46fractions_Rep1_45: 2
INFO:root:20150410_QE3_UPLC9_DBJ_SA_46fractions_Rep1_46: 2
INFO:root:20150410_QE3_UPLC9_DBJ_SA_46fractions_Rep1_5: 2
INFO:root:20150410_QE3_UPLC9_DBJ_SA_46fractions_Rep1_6: 2
INFO:root:20150410_QE3_UPLC9_DBJ_SA_46fractions_Rep1_7: 2
INFO:root:20150410_QE3_UPLC9_DBJ_SA_46fractions_Rep1_8: 2
INFO:root:20150410_QE3_UPLC9_DBJ_SA_46fractions_Rep1_9: 2
INFO:root:20150708_QE3_UPLC8_DBJ_QC_HELA_39frac_Chymotrypsin_1: 3
INFO:root:00107_A01_P012579_S00_N01_R2: 4
INFO:root:00107_A02_P012579_S00_N09_R2: 4
INFO:root:00107_A03_P012579_S00_N17_R2: 4
INFO:root:00107_A04_P012580_S00_N01_R2: 5
INFO:root:00107_B01_P012579_S00_N02_R2: 4
INFO:root:00107_B02_P012579_S00_N10_R2: 4
INFO:root:00107_B03_P012579_S00_N18_R2: 4
INFO:root:00107_B04_P012580_S00_N02_R2: 5
INFO:root:00107_B05_P012580_S00_N10_R2: 5
INFO:root:00107_B06_P012580_S00_N18_R2: 5
INFO:root:00107_C01_P012579_S00_N03_R2: 4
INFO:root:00107_C02_P012579_S00_N11_R2: 4
INFO:root:00107_C03_P012579_S00_N19_R2: 4
INFO:root:00107_C04_P012580_S00_N03_R2: 5
INFO:root:00107_C05_P012580_S00_N11_R2: 5
INFO:root:00107_C06_P012580_S00_N19_R2: 5
INFO:root:00107_D01_P012579_S00_N04_R2: 4
INFO:root:00107_D02_P012579_S00_N12_R2: 4
INFO:root:00107_D03_P012579_S00_N20_R2: 4
INFO:root:00107_D04_P012580_S00_N04_R2: 5
INFO:root:00107_D05_P012580_S00_N12_R2: 5
INFO:root:00107_D06_P012580_S00_N20_R2: 5
INFO:root:00107_E01_P012579_S00_N05_R2: 4
INFO:root:00107_E02_P012579_S00_N13_R2: 4
INFO:root:00107_E03_P012579_S00_N21_R2: 4
INFO:root:00107_E04_P012580_S00_N05_R2: 5
INFO:root:00107_E05_P012580_S00_N13_R2: 5
INFO:root:00107_E06_P012580_S00_N21_R2: 5
INFO:root:00107_F01_P012579_S00_N06_R2: 4
INFO:root:00107_F02_P012579_S00_N14_R2: 4
INFO:root:00107_F03_P012579_S00_N22_R2: 4
INFO:root:00107_F04_P012580_S00_N06_R2: 5
INFO:root:00107_F05_P012580_S00_N14_R2: 5
INFO:root:00107_F06_P012580_S00_N22_R2: 5
INFO:root:00107_G01_P012579_S00_N07_R2: 4
INFO:root:00107_G02_P012579_S00_N15_R2: 4
INFO:root:00107_G03_P012579_S00_N23_R2: 4
INFO:root:00107_G04_P012580_S00_N07_R2: 5
INFO:root:00107_G05_P012580_S00_N15_R2: 5
INFO:root:00107_G06_P012580_S00_N23_R2: 5
INFO:root:00107_H01_P012579_S00_N08_R2: 4
INFO:root:00107_H02_P012579_S00_N16_R2: 4
INFO:root:00107_H03_P012579_S00_N24_R2: 4
INFO:root:00107_H04_P012580_S00_N08_R2: 5
INFO:root:00107_H05_P012580_S00_N16_R2: 5
INFO:root:00107_H06_P012580_S00_N24_R2: 5
INFO:root:00108_A01_P012694_S00_N01_R1: 6
INFO:root:00108_A02_P012694_S00_N09_R1: 6
INFO:root:00108_A03_P012694_S00_N17_R1: 6
INFO:root:00108_A04_P012695_S00_N01_R1: 7
INFO:root:00108_A05_P012695_S00_N09_R1: 7
INFO:root:00108_A06_P012695_S00_N17_R1: 7
INFO:root:00108_B01_P012694_S00_N02_R1: 6
INFO:root:00108_B02_P012694_S00_N10_R1: 6
INFO:root:00108_B03_P012694_S00_N18_R1: 6
INFO:root:00108_B04_P012695_S00_N02_R1: 7
INFO:root:00108_B05_P012695_S00_N10_R1: 7
INFO:root:00108_B06_P012695_S00_N18_R1: 7
INFO:root:00108_C01_P012694_S00_N03_R1: 6
INFO:root:00108_C02_P012694_S00_N11_R1: 6
INFO:root:00108_C03_P012694_S00_N19_R1: 6
INFO:root:00108_C04_P012695_S00_N03_R1: 7
INFO:root:00108_C05_P012695_S00_N11_R1: 7
INFO:root:00108_C06_P012695_S00_N19_R1: 7
INFO:root:00108_D01_P012694_S00_N04_R1: 6
INFO:root:00108_D02_P012694_S00_N12_R1: 6
INFO:root:00108_D03_P012694_S00_N20_R1: 6
INFO:root:00108_D04_P012695_S00_N04_R1: 7
INFO:root:00108_D05_P012695_S00_N12_R1: 7
INFO:root:00108_D06_P012695_S00_N20_R1: 7
INFO:root:00108_E02_P012694_S00_N13_R1: 6
INFO:root:00108_E03_P012694_S00_N21_R1: 6
INFO:root:00108_E04_P012695_S00_N05_R1: 7
INFO:root:00108_E05_P012695_S00_N13_R1: 7
INFO:root:00108_E06_P012695_S00_N21_R1: 7
INFO:root:00108_F01_P012694_S00_N06_R1: 6
INFO:root:00108_F02_P012694_S00_N14_R1: 6
INFO:root:00108_F03_P012694_S00_N22_R1: 6
INFO:root:00108_F04_P012695_S00_N06_R1: 7
INFO:root:00108_F05_P012695_S00_N14_R1: 7
INFO:root:00108_F06_P012695_S00_N22_R1: 7
INFO:root:00108_G01_P012694_S00_N07_R1: 6
INFO:root:00108_G02_P012694_S00_N15_R1: 6
INFO:root:00108_G03_P012694_S00_N23_R1: 6
INFO:root:00108_G04_P012695_S00_N07_R1: 7
INFO:root:00108_G05_P012695_S00_N15_R1: 7
INFO:root:00108_G06_P012695_S00_N23_R1: 7
INFO:root:00108_H01_P012694_S00_N08_R1: 6
INFO:root:00108_H02_P012694_S00_N16_R1: 6
INFO:root:00108_H03_P012694_S00_N24_R1: 6
INFO:root:00108_H04_P012695_S00_N08_R1: 7
INFO:root:00108_H05_P012695_S00_N16_R1: 7
INFO:root:00108_H06_P012695_S00_N24_R1: 7
INFO:root:01213_A01_P012338_B00_N01_R1: 1
INFO:root:01213_A02_P012338_B00_N09_R1: 1
INFO:root:01213_A03_P012338_B00_N17_R1: 1
INFO:root:01213_A04_P012339_B00_N01_R1: 3
INFO:root:01213_A05_P012339_B00_N09_R1: 2
INFO:root:01213_A06_P012339_B00_N17_R1: 2
INFO:root:01213_B01_P012338_B00_N02_R1: 1
INFO:root:01213_B02_P012338_B00_N10_R1: 1
INFO:root:01213_B03_P012338_B00_N18_R1: 1
INFO:root:01213_B04_P012339_B00_N02_R1: 2
INFO:root:01213_B05_P012339_B00_N10_R1: 2
INFO:root:01213_B06_P012339_B00_N18_R1: 2
INFO:root:01213_C01_P012338_B00_N03_R1: 1
INFO:root:01213_C02_P012338_B00_N11_R1: 1
INFO:root:01213_C03_P012338_B00_N19_R1: 1
INFO:root:01213_C04_P012339_B00_N03_R1: 2
INFO:root:01213_C05_P012339_B00_N11_R1: 2
INFO:root:01213_C06_P012339_B00_N19_R1: 2
INFO:root:01213_D01_P012338_B00_N04_R1: 1
INFO:root:01213_D02_P012338_B00_N12_R1: 1
INFO:root:01213_D03_P012338_B00_N20_R1: 1
INFO:root:01213_D04_P012339_B00_N04_R1: 2
INFO:root:01213_D05_P012339_B00_N12_R1: 2
INFO:root:01213_D06_P012339_B00_N20_R1: 2
INFO:root:01213_E01_P012338_B00_N05_R1: 1
INFO:root:01213_E02_P012338_B00_N13_R1: 1
INFO:root:01213_E03_P012338_B00_N21_R2: 1
INFO:root:01213_E04_P012339_B00_N05_R1: 2
INFO:root:01213_E05_P012339_B00_N13_R1: 2
INFO:root:01213_E06_P012339_B00_N21_R1: 2
INFO:root:01213_F01_P012338_B00_N06_R1: 1
INFO:root:01213_F02_P012338_B00_N14_R1: 1
INFO:root:01213_F03_P012338_B00_N22_R1: 1
INFO:root:01213_F04_P012339_B00_N06_R1: 2
INFO:root:01213_F05_P012339_B00_N14_R1: 2
INFO:root:01213_F06_P012339_B00_N22_R1: 2
INFO:root:01213_G01_P012338_B00_N07_R1: 1
INFO:root:01213_G02_P012338_B00_N15_R1: 1
INFO:root:01213_G03_P012338_B00_N23_R1: 1
INFO:root:01213_G04_P012339_B00_N07_R1: 2
INFO:root:01213_G05_P012339_B00_N15_R1: 2
INFO:root:01213_G06_P012339_B00_N23_R1: 2
INFO:root:01213_H01_P012338_B00_N08_R1: 1
INFO:root:01213_H02_P012338_B00_N16_R1: 1
INFO:root:01213_H03_P012338_B00_N24_R1: 1
INFO:root:01213_H04_P012339_B00_N08_R1: 2
INFO:root:01213_H05_P012339_B00_N16_R1: 2
INFO:root:01213_H06_P012339_B00_N24_R1: 2
INFO:root:01214_A01_P012340_S00_N01_R1: 3
INFO:root:01214_A02_P012340_S00_N09_R1: 3
INFO:root:01214_A03_P012340_S00_N17_R1: 3
INFO:root:01214_B01_P012340_S00_N02_R1: 3
INFO:root:01214_B02_P012340_S00_N10_R1: 3
INFO:root:01214_B03_P012340_S00_N18_R1: 3
INFO:root:01214_C01_P012340_S00_N03_R1: 3
INFO:root:01214_C02_P012340_S00_N11_R1: 3
INFO:root:01214_C03_P012340_S00_N19_R1: 3
INFO:root:01214_D01_P012340_S00_N04_R1: 3
INFO:root:01214_D02_P012340_S00_N12_R1: 3
INFO:root:01214_D03_P012340_S00_N20_R1: 3
INFO:root:01214_E01_P012340_S00_N05_R1: 3
INFO:root:01214_E02_P012340_S00_N13_R1: 3
INFO:root:01214_E03_P012340_S00_N21_R1: 3
INFO:root:01214_F01_P012340_S00_N06_R1: 3
INFO:root:01214_F02_P012340_S00_N14_R1: 3
INFO:root:01214_F03_P012340_S00_N22_R1: 3
INFO:root:01214_G01_P012340_S00_N07_R1: 3
INFO:root:01214_G02_P012340_S00_N15_R1: 3
INFO:root:01214_G03_P012340_S00_N23_R1: 3
INFO:root:01214_H01_P012340_S00_N08_R1: 3
INFO:root:01214_H02_P012340_S00_N16_R1: 3
INFO:root:01214_H03_P012340_S00_N24_R1: 3
INFO:root:01231_A01_P012890_S00_N01_R2: 10
INFO:root:01231_A02_P012890_S00_N09_R2: 10
INFO:root:01231_A03_P012890_S00_N17_R2: 10
INFO:root:01231_B01_P012890_S00_N02_R2: 10
INFO:root:01231_B02_P012890_S00_N10_R2: 10
INFO:root:01231_B03_P012890_S00_N18_R2: 10
INFO:root:01231_C01_P012890_S00_N03_R2: 10
INFO:root:01231_C02_P012890_S00_N11_R2: 10
INFO:root:01231_C03_P012890_S00_N19_R2: 10
INFO:root:01231_D01_P012890_S00_N04_R2: 10
INFO:root:01231_D02_P012890_S00_N12_R2: 10
INFO:root:01231_D03_P012890_S00_N20_R2: 10
INFO:root:01231_E01_P012890_S00_N05_R2: 10
INFO:root:01231_E02_P012890_S00_N13_R2: 10
INFO:root:01231_E03_P012890_S00_N21_R2: 10
INFO:root:01231_F01_P012890_S00_N06_R2: 10
INFO:root:01231_F02_P012890_S00_N14_R2: 10
INFO:root:01231_F03_P012890_S00_N22_R2: 10
INFO:root:01231_G01_P012890_S00_N07_R2: 10
INFO:root:01231_G02_P012890_S00_N15_R2: 10
INFO:root:01231_G03_P012890_S00_N23_R2: 10
INFO:root:01231_H01_P012890_S00_N08_R2: 10
INFO:root:01231_H02_P012890_S00_N16_R2: 10
INFO:root:01231_H03_P012890_S00_N24_R2: 10
INFO:root:01236_A01_P012696_S00_N01_R1: 8
INFO:root:01236_A02_P012696_S00_N09_R1: 8
INFO:root:01236_A03_P012696_S00_N17_R1: 8
INFO:root:01236_A04_P012697_S00_N01_R1: 9
INFO:root:01236_A05_P012697_S00_N09_R1: 9
INFO:root:01236_A06_P012697_S00_N17_R1: 9
INFO:root:01236_B01_P012696_S00_N02_R1: 8
INFO:root:01236_B02_P012696_S00_N10_R1: 8
INFO:root:01236_B03_P012696_S00_N18_R1: 8
INFO:root:01236_B04_P012697_S00_N02_R1: 9
INFO:root:01236_B05_P012697_S00_N10_R2: 9
INFO:root:01236_B06_P012697_S00_N18_R1: 9
INFO:root:01236_C01_P012696_S00_N03_R1: 8
INFO:root:01236_C02_P012696_S00_N11_R1: 8
INFO:root:01236_C03_P012696_S00_N19_R1: 8
INFO:root:01236_C04_P012697_S00_N03_R1: 9
INFO:root:01236_C05_P012697_S00_N11_R2: 9
INFO:root:01236_C06_P012697_S00_N19_R1: 9
INFO:root:01236_D01_P012696_S00_N04_R1: 8
INFO:root:01236_D02_P012696_S00_N12_R1: 8
INFO:root:01236_D03_P012696_S00_N20_R1: 8
INFO:root:01236_D04_P012697_S00_N04_R1: 9
INFO:root:01236_D05_P012697_S00_N12_R2: 9
INFO:root:01236_D06_P012697_S00_N20_R1: 9
INFO:root:01236_E01_P012696_S00_N05_R1: 8
INFO:root:01236_E02_P012696_S00_N13_R1: 8
INFO:root:01236_E03_P012696_S00_N21_R1: 8
INFO:root:01236_E04_P012697_S00_N05_R1: 9
INFO:root:01236_E05_P012697_S00_N13_R2: 9
INFO:root:01236_E06_P012697_S00_N21_R1: 9
INFO:root:01236_F01_P012696_S00_N06_R1: 8
INFO:root:01236_F02_P012696_S00_N14_R1: 8
INFO:root:01236_F03_P012696_S00_N22_R1: 8
INFO:root:01236_F04_P012697_S00_N06_R1: 9
INFO:root:01236_F05_P012697_S00_N14_R2: 9
INFO:root:01236_F06_P012697_S00_N22_R1: 9
INFO:root:01236_G01_P012696_S00_N07_R1: 8
INFO:root:01236_G02_P012696_S00_N15_R1: 8
INFO:root:01236_G03_P012696_S00_N23_R1: 8
INFO:root:01236_G04_P012697_S00_N07_R1: 9
INFO:root:01236_G05_P012697_S00_N15_R2: 9
INFO:root:01236_G06_P012697_S00_N23_R1: 9
INFO:root:01236_H01_P012696_S00_N08_R1: 8
INFO:root:01236_H02_P012696_S00_N16_R1: 8
INFO:root:01236_H03_P012696_S00_N24_R1: 8
INFO:root:01236_H04_P012697_S00_N08_R1: 9
INFO:root:01236_H05_P012697_S00_N16_R2: 9
INFO:root:01236_H06_P012697_S00_N24_R1: 9
INFO:root:01244_A01_P012909_S00_N01_R2: 11
INFO:root:01244_A02_P012909_S00_N09_R2: 11
INFO:root:01244_A03_P012909_S00_N17_R2: 11
INFO:root:01244_B01_P012909_S00_N02_R2: 11
INFO:root:01244_B02_P012909_S00_N10_R2: 11
INFO:root:01244_B03_P012909_S00_N18_R2: 11
INFO:root:01244_C01_P012909_S00_N03_R2: 11
INFO:root:01244_C02_P012909_S00_N11_R2: 11
INFO:root:01244_C03_P012909_S00_N19_R2: 11
INFO:root:01244_D01_P012909_S00_N04_R2: 11
INFO:root:01244_D02_P012909_S00_N12_R2: 11
INFO:root:01244_D03_P012909_S00_N20_R2: 11
INFO:root:01244_E01_P012909_S00_N05_R2: 11
INFO:root:01244_E02_P012909_S00_N13_R2: 11
INFO:root:01244_E03_P012909_S00_N21_R2: 11
INFO:root:01244_F01_P012909_S00_N06_R3: 11
INFO:root:01244_F02_P012909_S00_N14_R2: 11
INFO:root:01244_F03_P012909_S00_N22_R2: 11
INFO:root:01244_G01_P012909_S00_N07_R2: 11
INFO:root:01244_G02_P012909_S00_N15_R2: 11
INFO:root:01244_G03_P012909_S00_N23_R2: 11
INFO:root:01244_H01_P012909_S00_N08_R2: 11
INFO:root:01244_H02_P012909_S00_N16_R2: 11
INFO:root:01244_H03_P012909_S00_N24_R2: 11
INFO:root:01245_A01_P012910_S00_N01_R1: 12
INFO:root:01245_A02_P012910_S00_N09_R1: 12
INFO:root:01245_A03_P012910_S00_N17_R1: 12
INFO:root:01245_A04_P012911_S00_N01_R1: 13
INFO:root:01245_A05_P012911_S00_N09_R1: 13
INFO:root:01245_A06_P012911_S00_N17_R1: 13
INFO:root:01245_B01_P012910_S00_N02_R1: 12
INFO:root:01245_B02_P012910_S00_N10_R1: 12
INFO:root:01245_B03_P012910_S00_N18_R1: 12
INFO:root:01245_B04_P012911_S00_N02_R1: 13
INFO:root:01245_B05_P012911_S00_N10_R1: 13
INFO:root:01245_B06_P012911_S00_N18_R1: 13
INFO:root:01245_C01_P012910_S00_N03_R1: 12
INFO:root:01245_C02_P012910_S00_N11_R1: 12
INFO:root:01245_C03_P012910_S00_N19_R1: 12
INFO:root:01245_C04_P012911_S00_N03_R1: 13
INFO:root:01245_C05_P012911_S00_N11_R1: 13
INFO:root:01245_C06_P012911_S00_N19_R1: 13
INFO:root:01245_D01_P012910_S00_N04_R1: 12
INFO:root:01245_D02_P012910_S00_N12_R1: 12
INFO:root:01245_D03_P012910_S00_N20_R1: 12
INFO:root:01245_D04_P012911_S00_N04_R1: 13
INFO:root:01245_D05_P012911_S00_N12_R1: 13
INFO:root:01245_D06_P012911_S00_N20_R1: 13
INFO:root:01245_E01_P012910_S00_N05_R1: 12
INFO:root:01245_E02_P012910_S00_N13_R1: 12
INFO:root:01245_E03_P012910_S00_N21_R1: 12
INFO:root:01245_E04_P012911_S00_N05_R1: 13
INFO:root:01245_E05_P012911_S00_N13_R1: 13
INFO:root:01245_E06_P012911_S00_N21_R1: 13
INFO:root:01245_F01_P012910_S00_N06_R1: 12
INFO:root:01245_F02_P012910_S00_N14_R2: 12
INFO:root:01245_F03_P012910_S00_N22_R1: 12
INFO:root:01245_F04_P012911_S00_N06_R1: 13
INFO:root:01245_F05_P012911_S00_N14_R1: 13
INFO:root:01245_F06_P012911_S00_N22_R1: 13
INFO:root:01245_G01_P012910_S00_N07_R1: 12
INFO:root:01245_G02_P012910_S00_N15_R1: 12
INFO:root:01245_G03_P012910_S00_N23_R1: 12
INFO:root:01245_G04_P012911_S00_N07_R1: 13
INFO:root:01245_G05_P012911_S00_N15_R1: 13
INFO:root:01245_G06_P012911_S00_N23_R1: 13
INFO:root:01245_H01_P012910_S00_N08_R1: 12
INFO:root:01245_H02_P012910_S00_N16_R1: 12
INFO:root:01245_H03_P012910_S00_N24_R1: 12
INFO:root:01245_H04_P012911_S00_N08_R1: 13
INFO:root:01245_H05_P012911_S00_N16_R1: 13
INFO:root:01245_H06_P012911_S00_N24_R1: 13
INFO:root:01250_A01_P012912_S00_N01_R1: 14
INFO:root:01250_A02_P012912_S00_N09_R1: 14
INFO:root:01250_A03_P012912_S00_N17_R1: 14
INFO:root:01250_A04_P012913_S00_N01_R1: 15
INFO:root:01250_A05_P012913_S00_N09_R1: 15
INFO:root:01250_A06_P012913_S00_N17_R1: 15
INFO:root:01250_B01_P012912_S00_N02_R1: 14
INFO:root:01250_B02_P012912_S00_N10_R1: 14
INFO:root:01250_B03_P012912_S00_N18_R1: 14
INFO:root:01250_B04_P012913_S00_N02_R1: 15
INFO:root:01250_B05_P012913_S00_N10_R1: 15
INFO:root:01250_B06_P012913_S00_N18_R1: 15
INFO:root:01250_C01_P012912_S00_N03_R1: 14
INFO:root:01250_C02_P012912_S00_N11_R1: 14
INFO:root:01250_C03_P012912_S00_N19_R1: 14
INFO:root:01250_C04_P012913_S00_N03_R1: 15
INFO:root:01250_C05_P012913_S00_N11_R1: 15
INFO:root:01250_C06_P012913_S00_N19_R1: 15
INFO:root:01250_D01_P012912_S00_N04_R1: 14
INFO:root:01250_D02_P012912_S00_N12_R2: 14
INFO:root:01250_D03_P012912_S00_N20_R1: 14
INFO:root:01250_D04_P012913_S00_N04_R1: 15
INFO:root:01250_D05_P012913_S00_N12_R1: 15
INFO:root:01250_D06_P012913_S00_N20_R1: 15
INFO:root:01250_E01_P012912_S00_N05_R1: 14
INFO:root:01250_E02_P012912_S00_N13_R2: 14
INFO:root:01250_E03_P012912_S00_N21_R1: 14
INFO:root:01250_E04_P012913_S00_N05_R1: 15
INFO:root:01250_E05_P012913_S00_N13_R1: 15
INFO:root:01250_E06_P012913_S00_N21_R1: 15
INFO:root:01250_F01_P012912_S00_N06_R1: 14
INFO:root:01250_F02_P012912_S00_N14_R1: 14
INFO:root:01250_F03_P012912_S00_N22_R1: 14
INFO:root:01250_F04_P012913_S00_N06_R1: 15
INFO:root:01250_F05_P012913_S00_N14_R1: 15
INFO:root:01250_F06_P012913_S00_N22_R1: 15
INFO:root:01250_G01_P012912_S00_N07_R1: 14
INFO:root:01250_G02_P012912_S00_N15_R1: 14
INFO:root:01250_G03_P012912_S00_N23_R1: 14
INFO:root:01250_G04_P012913_S00_N07_R1: 15
INFO:root:01250_G05_P012913_S00_N15_R1: 15
INFO:root:01250_G06_P012913_S00_N23_R1: 15
INFO:root:01250_H01_P012912_S00_N08_R1: 14
INFO:root:01250_H02_P012912_S00_N16_R1: 14
INFO:root:01250_H03_P012912_S00_N24_R1: 14
INFO:root:01250_H04_P012913_S00_N08_R1: 15
INFO:root:01250_H05_P012913_S00_N16_R1: 15
INFO:root:01250_H06_P012913_S00_N24_R1: 15
INFO:root:01251_A01_P013026_S00_N01_R1: 18
INFO:root:01251_A02_P013026_S00_N09_R1: 18
INFO:root:01251_A03_P013026_S00_N17_R1: 18
INFO:root:01251_A04_P013027_S00_N01_R2: 19
INFO:root:01251_A05_P013027_S00_N09_R2: 19
INFO:root:01251_A06_P013027_S00_N17_R1: 19
INFO:root:01251_B01_P013026_S00_N02_R1: 18
INFO:root:01251_B02_P013026_S00_N10_R1: 18
INFO:root:01251_B03_P013026_S00_N18_R1: 18
INFO:root:01251_B04_P013027_S00_N02_R2: 19
INFO:root:01251_B05_P013027_S00_N10_R2: 19
INFO:root:01251_B06_P013027_S00_N18_R1: 19
INFO:root:01251_C01_P013026_S00_N03_R1: 18
INFO:root:01251_C02_P013026_S00_N11_R1: 18
INFO:root:01251_C03_P013026_S00_N19_R1: 18
INFO:root:01251_C04_P013027_S00_N03_R2: 19
INFO:root:01251_C05_P013027_S00_N11_R1: 19
INFO:root:01251_C06_P013027_S00_N19_R1: 19
INFO:root:01251_D01_P013026_S00_N04_R1: 18
INFO:root:01251_D02_P013026_S00_N12_R1: 18
INFO:root:01251_D03_P013026_S00_N20_R1: 18
INFO:root:01251_D04_P013027_S00_N04_R2: 19
INFO:root:01251_D05_P013027_S00_N12_R1: 19
INFO:root:01251_D06_P013027_S00_N20_R1: 19
INFO:root:01251_E01_P013026_S00_N05_R1: 18
INFO:root:01251_E02_P013026_S00_N13_R1: 18
INFO:root:01251_E03_P013026_S00_N21_R1: 18
INFO:root:01251_E04_P013027_S00_N05_R2: 19
INFO:root:01251_E05_P013027_S00_N13_R1: 19
INFO:root:01251_E06_P013027_S00_N21_R1: 19
INFO:root:01251_F01_P013026_S00_N06_R1: 18
INFO:root:01251_F02_P013026_S00_N14_R1: 18
INFO:root:01251_F03_P013026_S00_N22_R1: 18
INFO:root:01251_F04_P013027_S00_N06_R2: 19
INFO:root:01251_F05_P013027_S00_N14_R1: 19
INFO:root:160729_CJK_HeLa2+PMoff_01: /
INFO:root:160729_CJK_HeLa2+PMoff_02: /
INFO:root:160729_CJK_HeLa2+PMoff_03: /
INFO:root:160729_CJK_HeLa2+PMoff_excl_020Da_01: /
INFO:root:160729_CJK_HeLa2+PMoff_excl_020Da_02: /
INFO:root:160729_CJK_HeLa2+PMoff_excl_020Da_03: /
INFO:root:q01507: 1
INFO:root:q01508: 1
INFO:root:q01509: 1
INFO:root:q01510: 1
INFO:root:q01511: 1
INFO:root:q01515: 2
INFO:root:q01516: 2
INFO:root:q01517: 2
INFO:root:q01518: 2
INFO:root:q01519: 2
INFO:root:q01531: 3
INFO:root:q01532: 3
INFO:root:q01533: 3
INFO:root:q01534: 3
INFO:root:q01535: 3
INFO:root:q01538: 4
INFO:root:q01551: 4
INFO:root:q01552: 4
INFO:root:q01553: 4
INFO:root:q01554: 4
INFO:root:q01556: 5
INFO:root:q01557: 5
INFO:root:q01558: 5
INFO:root:q01559: 5
INFO:root:q01560: 5
INFO:root:q01566: 6
INFO:root:q01567: 6
INFO:root:q01568: 6
INFO:root:q01569: 6
INFO:root:q01570: 6
INFO:root:q01609: 7
INFO:root:q01610: 7
INFO:root:q01611: 7
INFO:root:q01612: 7
INFO:root:q01613: 7
INFO:root:q01615: 8
INFO:root:q01616: 8
INFO:root:q01617: 8
INFO:root:q01618: 8
INFO:root:q01619: 8
INFO:root:q01623: 6
INFO:root:q01624: 6
INFO:root:q01625: 6
INFO:root:q01626: 6
INFO:root:q01627: 6
INFO:root:q01637: 5
INFO:root:q01638: 5
INFO:root:q01639: 5
INFO:root:q01640: 5
INFO:root:q01641: 5
INFO:root:q01643: 2
INFO:root:q01644: 2
INFO:root:q01645: 2
INFO:root:q01646: 2
INFO:root:q01647: 2
INFO:root:q01707: 9
INFO:root:q01708: 9
INFO:root:q01709: 9
INFO:root:q01710: 9
INFO:root:q01711: 9
INFO:root:q01713: 10
INFO:root:q01714: 10
INFO:root:q01715: 10
INFO:root:q01716: 10
INFO:root:q01717: 10
INFO:root:q01725: 11
INFO:root:q01726: 11
INFO:root:q01727: 11
INFO:root:q01728: 11
INFO:root:q01729: 11
INFO:root:q01733: 12
INFO:root:q01734: 12
INFO:root:q01735: 12
INFO:root:q01736: 12
INFO:root:q01737: 12
INFO:root:q02217: 13
INFO:root:q02218: 13
INFO:root:q02219: 13
INFO:root:q02220: 13
INFO:root:q02221: 13
INFO:root:q02223: 14
INFO:root:q02224: 14
INFO:root:q02225: 14
INFO:root:q02226: 14
INFO:root:q02227: 14
INFO:root:q02229: 15
INFO:root:q02230: 15
INFO:root:q02231: 15
INFO:root:q02232: 15
INFO:root:q02233: 15
INFO:root:q02235: 16
INFO:root:q02236: 16
INFO:root:00522_A01_P003811_B0A_A00_R1: 61
INFO:root:00522_A02_P003811_B0I_A00_R1: 61
INFO:root:00522_A03_P003811_B0Q_A00_R1: 61
INFO:root:00522_A04_P003812_B0A_A00_R1: 62
INFO:root:00522_A05_P003812_B0I_A00_R1: 62
INFO:root:00522_A06_P003812_B0Q_A00_R1: 62
INFO:root:00522_A07_P003813_B0A_A00_R1: 63
INFO:root:00522_A07_P003813_B0I_A00_R1: 63
INFO:root:00522_A09_P003813_B0Q_A00_R1: 63
INFO:root:00522_A10_P003814_B0A_A00_R1: 64
INFO:root:00522_A11_P003814_B0I_A00_R1: 64
INFO:root:00522_A12_P003814_B0Q_A00_R1: 64
INFO:root:00522_B01_P003811_B0B_A00_R1: 61
INFO:root:00522_B02_P003811_B0J_A00_R1: 61
INFO:root:00522_B03_P003811_B0R_A00_R1: 61
INFO:root:00522_B04_P003812_B0B_A00_R1: 62
INFO:root:00522_B05_P003812_B0J_A00_R1: 62
INFO:root:00522_B06_P003812_B0R_A00_R1: 62
INFO:root:00522_B07_P003813_B0B_A00_R1: 63
INFO:root:00522_B08_P003813_B0J_A00_R1: 63
INFO:root:00522_B09_P003813_B0R_A00_R1: 63
INFO:root:00522_B10_P003814_B0B_A00_R1: 64
INFO:root:00522_B11_P003814_B0J_A00_R1: 64
INFO:root:00522_B12_P003814_B0R_A00_R1: 64
INFO:root:00522_C01_P003811_B0C_A00_R1: 61
INFO:root:00522_C02_P003811_B0K_A00_R1: 61
INFO:root:00522_C03_P003811_B0S_A00_R1: 61
INFO:root:00522_C04_P003812_B0C_A00_R1: 62
INFO:root:00522_C05_P003812_B0K_A00_R1: 62
INFO:root:00522_C06_P003812_B0S_A00_R1: 62
INFO:root:00522_C07_P003813_B0C_A00_R1: 63
INFO:root:00522_C08_P003813_B0K_A00_R1: 63
INFO:root:00522_C09_P003813_B0S_A00_R1: 63
INFO:root:00522_C10_P003814_B0C_A00_R1: 64
INFO:root:00522_C11_P003814_B0K_A00_R1: 64
INFO:root:00522_C12_P003814_B0S_A00_R1: 64
INFO:root:00522_D01_P003811_B0D_A00_R1: 61
INFO:root:00522_D02_P003811_B0L_A00_R1: 61
INFO:root:00522_D03_P003811_B0T_A00_R1: 61
INFO:root:00522_D04_P003812_B0D_A00_R1: 62
INFO:root:00522_D05_P003812_B0L_A00_R1: 62
INFO:root:00522_D06_P003812_B0T_A00_R1: 62
INFO:root:00522_D07_P003813_B0D_A00_R1: 63
INFO:root:00522_D08_P003813_B0L_A00_R1: 63
INFO:root:00522_D09_P003813_B0T_A00_R1: 63
INFO:root:00522_D10_P003814_B0D_A00_R1: 64
INFO:root:00522_D11_P003814_B0L_A00_R1: 64
INFO:root:00522_D12_P003814_B0T_A00_R1: 64
INFO:root:00522_E01_P003811_B0E_A00_R1: 61
INFO:root:00522_E02_P003811_B0M_A00_R1: 61
INFO:root:00522_E03_P003811_B0U_A00_R1: 61
INFO:root:00522_E04_P003812_B0E_A00_R1: 62
INFO:root:00522_E05_P003812_B0M_A00_R1: 62
INFO:root:00522_E06_P003812_B0U_A00_R1: 62
INFO:root:00522_E07_P003813_B0E_A00_R1: 63
INFO:root:00522_E08_P003813_B0M_A00_R1: 63
INFO:root:00522_E09_P003813_B0U_A00_R1: 63
INFO:root:00522_E10_P003814_B0E_A00_R1: 64
INFO:root:00522_E11_P003814_B0M_A00_R1: 64
INFO:root:00522_E12_P003814_B0U_A00_R1: 64
INFO:root:00522_F01_P003811_B0F_A00_R1: 61
INFO:root:00522_F02_P003811_B0N_A00_R1: 61
INFO:root:00522_F03_P003811_B0V_A00_R1: 61
INFO:root:00522_F04_P003812_B0F_A00_R1: 62
INFO:root:00522_F05_P003812_B0N_A00_R1: 62
INFO:root:00522_F06_P003812_B0V_A00_R1: 62
INFO:root:00522_F07_P003813_B0F_A00_R1: 63
INFO:root:00522_F08_P003813_B0N_A00_R1: 63
INFO:root:00522_F09_P003813_B0V_A00_R1: 63
INFO:root:00522_F10_P003814_B0F_A00_R1: 64
INFO:root:00522_F11_P003814_B0N_A00_R1: 64
INFO:root:00522_F12_P003814_B0V_A00_R1: 64
INFO:root:00522_G01_P003811_B0G_A00_R1: 61
INFO:root:00522_G02_P003811_B0O_A00_R1: 61
INFO:root:00522_G03_P003811_B0W_A00_R1: 61
INFO:root:00522_G04_P003812_B0G_A00_R1: 62
INFO:root:00522_G05_P003812_B0O_A00_R1: 62
INFO:root:00522_G06_P003812_B0W_A00_R1: 62
INFO:root:00522_G07_P003813_B0G_A00_R1: 63
INFO:root:00522_G08_P003813_B0O_A00_R1: 63
INFO:root:00522_G09_P003813_B0W_A00_R1: 63
INFO:root:00522_G10_P003814_B0G_A00_R1: 64
INFO:root:00522_G11_P003814_B0O_A00_R1: 64
INFO:root:00522_G12_P003814_B0W_A00_R1: 64
INFO:root:00522_H01_P003811_B0H_A00_R1: 65
INFO:root:00522_H02_P003811_B0P_A00_R1: 65
INFO:root:00522_H03_P003811_B0X_A00_R1: 65
INFO:root:00522_H04_P003812_B0H_A00_R1: 66
INFO:root:00522_H05_P003812_B0P_A00_R1: 66
INFO:root:00522_H06_P003812_B0X_A00_R1: 66
INFO:root:00522_H07_P003813_B0H_A00_R1: 67
INFO:root:00522_H08_P003813_B0P_A00_R1: 67
INFO:root:00522_H09_P003813_B0X_A00_R1: 67
INFO:root:00522_H10_P003814_B0H_A00_R1: 68
INFO:root:00522_H11_P003814_B0P_A00_R1: 68
INFO:root:00522_H12_P003814_B0X_A00_R1: 68
INFO:root:00523_A01_P003815_B0A_A00_R1: 65
INFO:root:00523_A02_P003815_B0I_A00_R1: 65
INFO:root:00523_A03_P003815_B0Q_A00_R1: 65
INFO:root:00523_A04_P003816_B0A_A00_R1: 66
INFO:root:00523_A05_P003816_B0I_A00_R1: 66
INFO:root:00523_A06_P003816_B0Q_A00_R1: 66
INFO:root:00523_A07_P003817_B0A_A00_R1: 67
INFO:root:00523_A07_P003817_B0I_A00_R1: 67
INFO:root:00523_A09_P003817_B0Q_A00_R1: 67
INFO:root:00523_A10_P003818_B0A_A00_R1: 68
INFO:root:00523_A11_P003818_B0I_A00_R1: 68
INFO:root:00523_A12_P003818_B0Q_A00_R1: 68
INFO:root:00523_B01_P003815_B0B_A00_R1: 65
INFO:root:00523_B02_P003815_B0J_A00_R1: 65
INFO:root:00523_B03_P003815_B0R_A00_R1: 65
INFO:root:00523_B04_P003816_B0B_A00_R1: 66
INFO:root:00523_B05_P003816_B0J_A00_R1: 66
INFO:root:00523_B06_P003816_B0R_A00_R1: 66
INFO:root:00523_B07_P003817_B0B_A00_R1: 67
INFO:root:00523_B08_P003817_B0J_A00_R1: 67
INFO:root:00523_B09_P003817_B0R_A00_R1: 67
INFO:root:00523_B10_P003818_B0B_A00_R1: 68
INFO:root:00523_B11_P003818_B0J_A00_R1: 68
INFO:root:00523_B12_P003818_B0R_A00_R1: 68
INFO:root:00523_C01_P003815_B0C_A00_R1: 65
INFO:root:00523_C02_P003815_B0K_A00_R1: 65
INFO:root:00523_C03_P003815_B0S_A00_R1: 65
INFO:root:00523_C04_P003816_B0C_A00_R1: 66
INFO:root:00523_C05_P003816_B0K_A00_R1: 66
INFO:root:00523_C06_P003816_B0S_A00_R1: 66
INFO:root:00523_C07_P003817_B0C_A00_R1: 67
INFO:root:00523_C08_P003817_B0K_A00_R1: 67
INFO:root:00523_C09_P003817_B0S_A00_R1: 67
INFO:root:00523_C10_P003818_B0C_A00_R1: 68
INFO:root:00523_C11_P003818_B0K_A00_R1: 68
INFO:root:00523_C12_P003818_B0S_A00_R1: 68
INFO:root:00523_D01_P003815_B0D_A00_R1: 65
INFO:root:00523_D02_P003815_B0L_A00_R1: 65
INFO:root:00523_D03_P003815_B0T_A00_R1: 65
INFO:root:00523_D04_P003816_B0D_A00_R1: 66
INFO:root:00523_D05_P003816_B0L_A00_R1: 66
INFO:root:00523_D06_P003816_B0T_A00_R1: 66
INFO:root:00523_D07_P003817_B0D_A00_R1: 67
INFO:root:00523_D08_P003817_B0L_A00_R1: 67
INFO:root:00523_D09_P003817_B0T_A00_R1: 67
INFO:root:00523_D10_P003818_B0D_A00_R1: 68
INFO:root:00523_D11_P003818_B0L_A00_R1: 68
INFO:root:00523_D12_P003818_B0T_A00_R1: 68
INFO:root:00523_E01_P003815_B0E_A00_R1: 65
INFO:root:00523_E02_P003815_B0M_A00_R1: 65
INFO:root:00523_E03_P003815_B0U_A00_R1: 65
INFO:root:00523_E04_P003816_B0E_A00_R1: 66
INFO:root:00523_E05_P003816_B0M_A00_R1: 66
INFO:root:00523_E06_P003816_B0U_A00_R1: 66
INFO:root:00523_E07_P003817_B0E_A00_R1: 67
INFO:root:00523_E08_P003817_B0M_A00_R1: 67
INFO:root:00523_E09_P003817_B0U_A00_R1: 67
INFO:root:00523_E10_P003818_B0E_A00_R1: 68
INFO:root:00523_E11_P003818_B0M_A00_R1: 68
INFO:root:00523_E12_P003818_B0U_A00_R1: 68
INFO:root:00523_F01_P003815_B0F_A00_R1: 65
INFO:root:00523_F02_P003815_B0N_A00_R1: 65
INFO:root:00523_F03_P003815_B0V_A00_R1: 65
INFO:root:00523_F04_P003816_B0F_A00_R1: 66
INFO:root:00523_F05_P003816_B0N_A00_R1: 66
INFO:root:00523_F06_P003816_B0V_A00_R1: 66
INFO:root:00523_F07_P003817_B0F_A00_R1: 67
INFO:root:00523_F08_P003817_B0N_A00_R1: 67
INFO:root:00523_F09_P003817_B0V_A00_R1: 67
INFO:root:00523_F10_P003818_B0F_A00_R1: 68
INFO:root:00523_F11_P003818_B0N_A00_R1: 68
INFO:root:00523_F12_P003818_B0V_A00_R1: 68
INFO:root:00523_G01_P003815_B0G_A00_R1: 65
INFO:root:00523_G02_P003815_B0O_A00_R1: 65
INFO:root:00523_G03_P003815_B0W_A00_R1: 65
INFO:root:00523_G04_P003816_B0G_A00_R1: 66
INFO:root:00523_G05_P003816_B0O_A00_R1: 66
INFO:root:00523_G06_P003816_B0W_A00_R1: 66
INFO:root:00523_G07_P003817_B0G_A00_R1: 67
INFO:root:00523_G08_P003817_B0O_A00_R1: 67
INFO:root:00523_G09_P003817_B0W_A00_R1: 67
INFO:root:00523_G10_P003818_B0G_A00_R1: 68
INFO:root:00523_G11_P003818_B0O_A00_R1: 68
INFO:root:00523_G12_P003818_B0W_A00_R1: 68
INFO:root:00523_H01_P003815_B0H_A00_R1: 69
INFO:root:00523_H02_P003815_B0P_A00_R1: 69
INFO:root:00523_H03_P003815_B0X_A00_R1: 69
INFO:root:00523_H04_P003816_B0H_A00_R1: 70
INFO:root:00523_H05_P003816_B0P_A00_R1: 70
INFO:root:00523_H06_P003816_B0X_A00_R1: 69
INFO:root:00523_H07_P003817_B0H_A00_R1: 69
INFO:root:00523_H08_P003817_B0P_A00_R1: 69
INFO:root:00523_H09_P003817_B0X_A00_R1: 70
INFO:root:00523_H10_P003818_B0H_A00_R1: 70
INFO:root:00523_H11_P003818_B0P_A00_R1: 69
INFO:root:00523_H12_P003818_B0X_A00_R1: 69
INFO:root:00524_A01_P003819_B0A_A00_R2: 69
INFO:root:00524_A02_P003819_B0I_A00_R2: 70
INFO:root:00524_A03_P003819_B0Q_A00_R1: 70
INFO:root:00524_B01_P003819_B0B_A00_R2: 69
INFO:root:00524_B02_P003819_B0J_A00_R2: 69
INFO:root:00524_B03_P003819_B0R_A00_R1: 69
INFO:root:00524_C01_P003819_B0C_A00_R2: 70
INFO:root:00524_C02_P003819_B0K_A00_R2: 70
INFO:root:00524_C03_P003819_B0S_A00_R1: 69
INFO:root:00524_D01_P003819_B0D_A00_R2: 69
INFO:root:00524_D02_P003819_B0L_A00_R2: 69
INFO:root:00524_D03_P003819_B0T_A00_R1: 70
INFO:root:00524_E01_P003819_B0E_A00_R2: 69
INFO:root:00524_E02_P003819_B0M_A00_R2: 69
INFO:root:00524_E03_P003819_B0U_A00_R1: 69
INFO:root:00524_F01_P003819_B0F_A00_R2: 70
INFO:root:00524_F02_P003819_B0N_A00_R2: 69
INFO:root:00524_F03_P003819_B0V_A00_R1: 69
INFO:root:00524_G01_P003819_B0G_A00_R2: 69
INFO:root:00524_G02_P003819_B0O_A00_R2: 70
INFO:root:00524_G03_P003819_B0W_A00_R1: 69
INFO:root:00524_H01_P003819_B0H_A00_R2: 69
INFO:root:00524_H02_P003819_B0P_A00_R1: 69
INFO:root:00524_H03_P003819_B0X_A00_R1: 70
